2026-03-09T23:28:44+0100 INFO --- logging initialized ---
2026-03-09T23:33:01+0100 SUBDEBUG Upgrade: linux-firmware-whence-20260130-155.3.el9_7.noarch
2026-03-09T23:33:01+0100 SUBDEBUG Upgrade: selinux-policy-38.1.65-1.el9_7.1.noarch
2026-03-09T23:33:08+0100 SUBDEBUG Upgrade: selinux-policy-targeted-38.1.65-1.el9_7.1.noarch
2026-03-09T23:33:15+0100 SUBDEBUG Upgrade: tzdata-2025c-1.el9.noarch
2026-03-09T23:33:15+0100 SUBDEBUG Upgrade: glibc-all-langpacks-2.34-231.el9_7.10.x86_64
2026-03-09T23:33:16+0100 SUBDEBUG Upgrade: glibc-gconv-extra-2.34-231.el9_7.10.x86_64
2026-03-09T23:33:16+0100 SUBDEBUG Upgrade: glibc-2.34-231.el9_7.10.x86_64
2026-03-09T23:33:17+0100 SUBDEBUG Upgrade: glibc-common-2.34-231.el9_7.10.x86_64
2026-03-09T23:33:17+0100 SUBDEBUG Upgrade: glibc-langpack-en-2.34-231.el9_7.10.x86_64
2026-03-09T23:33:17+0100 SUBDEBUG Upgrade: libldb-4.22.4-12.el9_7.x86_64
2026-03-09T23:33:17+0100 SUBDEBUG Upgrade: libuuid-2.37.4-21.el9_7.x86_64
2026-03-09T23:33:17+0100 SUBDEBUG Upgrade: libblkid-2.37.4-21.el9_7.x86_64
2026-03-09T23:33:17+0100 SUBDEBUG Upgrade: expat-2.5.0-5.el9_7.1.x86_64
2026-03-09T23:33:17+0100 SUBDEBUG Upgrade: p11-kit-0.25.3-3.el9_5.x86_64
2026-03-09T23:33:17+0100 SUBDEBUG Upgrade: sqlite-libs-3.34.1-9.el9_7.x86_64
2026-03-09T23:33:17+0100 SUBDEBUG Upgrade: libmount-2.37.4-21.el9_7.x86_64
2026-03-09T23:33:17+0100 SUBDEBUG Upgrade: glib2-2.68.4-18.el9_7.1.x86_64
2026-03-09T23:33:17+0100 SUBDEBUG Upgrade: libsss_idmap-2.9.7-4.el9_7.1.x86_64
2026-03-09T23:33:17+0100 SUBDEBUG Upgrade: libxml2-2.9.13-14.el9_7.x86_64
2026-03-09T23:33:17+0100 SUBDEBUG Upgrade: libsmartcols-2.37.4-21.el9_7.x86_64
2026-03-09T23:33:17+0100 SUBDEBUG Upgrade: libdnf-0.69.0-17.el9_7.x86_64
2026-03-09T23:33:17+0100 SUBDEBUG Upgrade: libfdisk-2.37.4-21.el9_7.x86_64
2026-03-09T23:33:17+0100 SUBDEBUG Upgrade: pixman-0.40.0-6.el9_3.x86_64
2026-03-09T23:33:17+0100 SUBDEBUG Upgrade: passt-0^20250512.g8ec1341-4.el9_7.x86_64
2026-03-09T23:33:17+0100 SUBDEBUG Upgrade: passt-selinux-0^20250512.g8ec1341-4.el9_7.noarch
2026-03-09T23:33:34+0100 SUBDEBUG Upgrade: cups-libs-1:2.3.3op2-34.el9_7.2.x86_64
2026-03-09T23:33:34+0100 SUBDEBUG Upgrade: nftables-1:1.0.9-6.el9_7.x86_64
2026-03-09T23:33:34+0100 SUBDEBUG Upgrade: xorg-x11-server-common-1.20.11-32.el9_7.x86_64
2026-03-09T23:33:34+0100 SUBDEBUG Upgrade: gsettings-desktop-schemas-40.0-8.el9_7.x86_64
2026-03-09T23:33:34+0100 SUBDEBUG Upgrade: p11-kit-trust-0.25.3-3.el9_5.x86_64
2026-03-09T23:33:34+0100 SUBDEBUG Upgrade: ca-certificates-2025.2.80_v9.0.305-91.el9.noarch
2026-03-09T23:33:35+0100 SUBDEBUG Upgrade: openssl-libs-1:3.5.1-7.el9_7.x86_64
2026-03-09T23:33:35+0100 SUBDEBUG Upgrade: systemd-libs-252-55.el9_7.7.x86_64
2026-03-09T23:33:35+0100 SUBDEBUG Upgrade: libblockdev-utils-2.28-14.el9_6.x86_64
2026-03-09T23:33:35+0100 SUBDEBUG Upgrade: libsss_certmap-2.9.7-4.el9_7.1.x86_64
2026-03-09T23:33:35+0100 SUBDEBUG Upgrade: python3-libs-3.9.25-3.el9_7.x86_64
2026-03-09T23:33:37+0100 SUBDEBUG Upgrade: python3-3.9.25-3.el9_7.x86_64
2026-03-09T23:33:37+0100 SUBDEBUG Upgrade: python-unversioned-command-3.9.25-3.el9_7.noarch
2026-03-09T23:33:37+0100 SUBDEBUG Upgrade: python3-dateutil-1:2.9.0.post0-1.el9_7.noarch
2026-03-09T23:33:37+0100 SUBDEBUG Upgrade: crun-1.23.1-2.el9_7.x86_64
2026-03-09T23:33:37+0100 SUBDEBUG Upgrade: NetworkManager-libnm-1:1.54.0-3.el9_7.x86_64
2026-03-09T23:33:37+0100 SUBDEBUG Upgrade: util-linux-core-2.37.4-21.el9_7.x86_64
2026-03-09T23:33:37+0100 SUBDEBUG Upgrade: python3-cloud-what-1.29.47.1-1.el9_7.x86_64
2026-03-09T23:33:37+0100 SUBDEBUG Upgrade: fuse-overlayfs-1.16-1.el9_7.x86_64
2026-03-09T23:33:37+0100 SUBDEBUG Upgrade: libbrotli-1.0.9-9.el9_7.x86_64
2026-03-09T23:33:37+0100 SUBDEBUG Upgrade: libsoup-2.72.0-12.el9_7.5.x86_64
2026-03-09T23:33:38+0100 SUBDEBUG Upgrade: libpng-2:1.6.37-12.el9_7.2.x86_64
2026-03-09T23:33:38+0100 SUBDEBUG Upgrade: container-selinux-4:2.240.0-3.el9_7.noarch
2026-03-09T23:33:45+0100 SUBDEBUG Upgrade: mesa-filesystem-25.0.7-4.el9_7.x86_64
2026-03-09T23:33:45+0100 SUBDEBUG Upgrade: mesa-libEGL-25.0.7-4.el9_7.x86_64
2026-03-09T23:33:45+0100 SUBDEBUG Upgrade: mesa-libgbm-25.0.7-4.el9_7.x86_64
2026-03-09T23:33:45+0100 SUBDEBUG Upgrade: mesa-dri-drivers-25.0.7-4.el9_7.x86_64
2026-03-09T23:33:45+0100 SUBDEBUG Upgrade: redhat-logos-90.5-1.el9_6.1.x86_64
2026-03-09T23:33:45+0100 SUBDEBUG Upgrade: python3-subscription-manager-rhsm-1.29.47.1-1.el9_7.x86_64
2026-03-09T23:33:45+0100 SUBDEBUG Upgrade: python3-libdnf-0.69.0-17.el9_7.x86_64
2026-03-09T23:33:45+0100 SUBDEBUG Upgrade: python3-hawkey-0.69.0-17.el9_7.x86_64
2026-03-09T23:33:45+0100 SUBDEBUG Upgrade: webkit2gtk3-jsc-2.50.4-1.el9_7.x86_64
2026-03-09T23:33:45+0100 SUBDEBUG Upgrade: libdnf-plugin-subscription-manager-1.29.47.1-1.el9_7.x86_64
2026-03-09T23:33:45+0100 SUBDEBUG Upgrade: openssl-1:3.5.1-7.el9_7.x86_64
2026-03-09T23:33:45+0100 SUBDEBUG Upgrade: pam-1.5.1-26.el9_6.x86_64
2026-03-09T23:33:45+0100 SUBDEBUG Upgrade: util-linux-2.37.4-21.el9_7.x86_64
2026-03-09T23:33:46+0100 SUBDEBUG Upgrade: openssh-8.7p1-47.el9_7.x86_64
2026-03-09T23:33:46+0100 SUBDEBUG Upgrade: cups-client-1:2.3.3op2-34.el9_7.2.x86_64
2026-03-09T23:33:46+0100 SUBDEBUG Upgrade: gstreamer1-plugins-bad-free-libs-1.22.12-4.el9_6.x86_64
2026-03-09T23:33:46+0100 SUBDEBUG Upgrade: gstreamer1-plugins-bad-free-1.22.12-4.el9_6.x86_64
2026-03-09T23:33:46+0100 SUBDEBUG Upgrade: gnupg2-2.3.3-5.el9_7.x86_64
2026-03-09T23:33:46+0100 SUBDEBUG Upgrade: libtiff-4.4.0-15.el9_7.2.x86_64
2026-03-09T23:33:46+0100 SUBDEBUG Upgrade: poppler-21.01.0-23.el9_7.x86_64
2026-03-09T23:33:46+0100 SUBDEBUG Upgrade: which-2.21-30.el9_6.x86_64
2026-03-09T23:33:46+0100 SUBDEBUG Upgrade: libipa_hbac-2.9.7-4.el9_7.1.x86_64
2026-03-09T23:33:46+0100 SUBDEBUG Upgrade: libsss_nss_idmap-2.9.7-4.el9_7.1.x86_64
2026-03-09T23:33:46+0100 SUBDEBUG Upgrade: sssd-client-2.9.7-4.el9_7.1.x86_64
2026-03-09T23:33:46+0100 SUBDEBUG Upgrade: libsss_sudo-2.9.7-4.el9_7.1.x86_64
2026-03-09T23:33:46+0100 SUBDEBUG Upgrade: binutils-2.35.2-67.el9_7.1.x86_64
2026-03-09T23:33:46+0100 SUBDEBUG Upgrade: binutils-gold-2.35.2-67.el9_7.1.x86_64
2026-03-09T23:33:46+0100 SUBDEBUG Upgrade: kernel-tools-libs-5.14.0-611.38.1.el9_7.x86_64
2026-03-09T23:33:47+0100 SUBDEBUG Upgrade: linux-firmware-20260130-155.3.el9_7.noarch
2026-03-09T23:34:04+0100 SUBDEBUG Upgrade: libssh-config-0.10.4-17.el9_7.noarch
2026-03-09T23:34:04+0100 SUBDEBUG Upgrade: libssh-0.10.4-17.el9_7.x86_64
2026-03-09T23:34:04+0100 SUBDEBUG Upgrade: libcurl-7.76.1-35.el9_7.3.x86_64
2026-03-09T23:34:04+0100 SUBDEBUG Upgrade: ostree-libs-2025.6-1.el9_7.x86_64
2026-03-09T23:34:04+0100 SUBDEBUG Upgrade: systemd-rpm-macros-252-55.el9_7.7.noarch
2026-03-09T23:34:04+0100 SUBDEBUG Upgrade: systemd-252-55.el9_7.7.x86_64
2026-03-09T23:34:04+0100 SUBDEBUG Upgrade: systemd-pam-252-55.el9_7.7.x86_64
2026-03-09T23:34:04+0100 SUBDEBUG Upgrade: sssd-common-2.9.7-4.el9_7.1.x86_64
2026-03-09T23:34:05+0100 SUBDEBUG Upgrade: sssd-krb5-common-2.9.7-4.el9_7.1.x86_64
2026-03-09T23:34:05+0100 SUBDEBUG Upgrade: systemd-udev-252-55.el9_7.7.x86_64
2026-03-09T23:34:05+0100 SUBDEBUG Upgrade: NetworkManager-1:1.54.0-3.el9_7.x86_64
2026-03-09T23:34:06+0100 SUBDEBUG Upgrade: device-mapper-libs-9:1.02.206-2.el9_7.1.x86_64
2026-03-09T23:34:06+0100 SUBDEBUG Upgrade: device-mapper-9:1.02.206-2.el9_7.1.x86_64
2026-03-09T23:34:06+0100 SUBDEBUG Upgrade: device-mapper-event-libs-9:1.02.206-2.el9_7.1.x86_64
2026-03-09T23:34:06+0100 SUBDEBUG Upgrade: samba-common-4.22.4-12.el9_7.noarch
2026-03-09T23:34:06+0100 SUBDEBUG Upgrade: libwbclient-4.22.4-12.el9_7.x86_64
2026-03-09T23:34:06+0100 SUBDEBUG Upgrade: samba-client-libs-4.22.4-12.el9_7.x86_64
2026-03-09T23:34:06+0100 SUBDEBUG Upgrade: samba-common-libs-4.22.4-12.el9_7.x86_64
2026-03-09T23:34:06+0100 SUBDEBUG Upgrade: sssd-common-pac-2.9.7-4.el9_7.1.x86_64
2026-03-09T23:34:06+0100 SUBDEBUG Upgrade: kpartx-0.8.7-39.el9_7.1.x86_64
2026-03-09T23:34:06+0100 SUBDEBUG Upgrade: dracut-057-104.git20250919.el9_7.x86_64
2026-03-09T23:34:07+0100 SUBDEBUG Installed: kernel-modules-core-5.14.0-611.38.1.el9_7.x86_64
2026-03-09T23:34:08+0100 SUBDEBUG Installed: kernel-core-5.14.0-611.38.1.el9_7.x86_64
2026-03-09T23:34:12+0100 SUBDEBUG Upgrade: python3-dnf-plugins-core-4.3.0-24.el9_7.noarch
2026-03-09T23:34:12+0100 SUBDEBUG Upgrade: subscription-manager-1.29.47.1-1.el9_7.x86_64
2026-03-09T23:34:12+0100 SUBDEBUG Installed: kernel-modules-5.14.0-611.38.1.el9_7.x86_64
2026-03-09T23:34:18+0100 SUBDEBUG Upgrade: libsmbclient-4.22.4-12.el9_7.x86_64
2026-03-09T23:34:18+0100 SUBDEBUG Upgrade: device-mapper-event-9:1.02.206-2.el9_7.1.x86_64
2026-03-09T23:34:18+0100 SUBDEBUG Upgrade: lvm2-libs-9:2.03.32-2.el9_7.1.x86_64
2026-03-09T23:34:18+0100 SUBDEBUG Upgrade: lvm2-9:2.03.32-2.el9_7.1.x86_64
2026-03-09T23:34:18+0100 SUBDEBUG Upgrade: device-mapper-multipath-libs-0.8.7-39.el9_7.1.x86_64
2026-03-09T23:34:19+0100 SUBDEBUG Upgrade: NetworkManager-wwan-1:1.54.0-3.el9_7.x86_64
2026-03-09T23:34:19+0100 SUBDEBUG Upgrade: sssd-krb5-2.9.7-4.el9_7.1.x86_64
2026-03-09T23:34:19+0100 SUBDEBUG Upgrade: sssd-ldap-2.9.7-4.el9_7.1.x86_64
2026-03-09T23:34:19+0100 SUBDEBUG Upgrade: sssd-proxy-2.9.7-4.el9_7.1.x86_64
2026-03-09T23:34:19+0100 SUBDEBUG Upgrade: containernetworking-plugins-1:1.7.1-3.el9_7.x86_64
2026-03-09T23:34:19+0100 SUBDEBUG Upgrade: vim-filesystem-2:8.2.2637-23.el9_7.noarch
2026-03-09T23:34:19+0100 SUBDEBUG Upgrade: vim-common-2:8.2.2637-23.el9_7.x86_64
2026-03-09T23:34:20+0100 SUBDEBUG Upgrade: redhat-release-eula-9.7-0.7.el9.x86_64
2026-03-09T23:34:20+0100 SUBDEBUG Upgrade: redhat-release-9.7-0.7.el9.x86_64
2026-03-09T23:34:20+0100 SUBDEBUG Upgrade: containers-common-4:1-135.el9_7.x86_64
2026-03-09T23:34:20+0100 SUBDEBUG Upgrade: containers-common-extra-4:1-135.el9_7.x86_64
2026-03-09T23:34:20+0100 SUBDEBUG Upgrade: libwacom-data-1.12.1-6.el9_7.noarch
2026-03-09T23:34:20+0100 SUBDEBUG Upgrade: libwacom-1.12.1-6.el9_7.x86_64
2026-03-09T23:34:20+0100 SUBDEBUG Upgrade: mutter-40.9-29.el9_7.x86_64
2026-03-09T23:34:20+0100 SUBDEBUG Upgrade: gnome-shell-40.10-31.el9_7.x86_64
2026-03-09T23:34:21+0100 SUBDEBUG Upgrade: gdm-1:40.1-38.el9_7.x86_64
2026-03-09T23:34:21+0100 SUBDEBUG Upgrade: gnome-shell-extension-common-40.7-29.el9_7.noarch
2026-03-09T23:34:21+0100 SUBDEBUG Upgrade: gnome-shell-extension-apps-menu-40.7-29.el9_7.noarch
2026-03-09T23:34:21+0100 SUBDEBUG Upgrade: gnome-shell-extension-desktop-icons-40.7-29.el9_7.noarch
2026-03-09T23:34:21+0100 SUBDEBUG Upgrade: gnome-shell-extension-launch-new-instance-40.7-29.el9_7.noarch
2026-03-09T23:34:21+0100 SUBDEBUG Upgrade: gnome-shell-extension-places-menu-40.7-29.el9_7.noarch
2026-03-09T23:34:21+0100 SUBDEBUG Upgrade: gnome-shell-extension-window-list-40.7-29.el9_7.noarch
2026-03-09T23:34:21+0100 SUBDEBUG Upgrade: cups-filesystem-1:2.3.3op2-34.el9_7.2.noarch
2026-03-09T23:34:21+0100 SUBDEBUG Upgrade: bind-license-32:9.16.23-34.el9_7.1.noarch
2026-03-09T23:34:21+0100 SUBDEBUG Upgrade: bind-libs-32:9.16.23-34.el9_7.1.x86_64
2026-03-09T23:34:21+0100 SUBDEBUG Upgrade: bind-utils-32:9.16.23-34.el9_7.1.x86_64
2026-03-09T23:34:21+0100 SUBDEBUG Upgrade: sssd-ad-2.9.7-4.el9_7.1.x86_64
2026-03-09T23:34:21+0100 SUBDEBUG Upgrade: sssd-ipa-2.9.7-4.el9_7.1.x86_64
2026-03-09T23:34:21+0100 SUBDEBUG Upgrade: sssd-2.9.7-4.el9_7.1.x86_64
2026-03-09T23:34:21+0100 SUBDEBUG Upgrade: cups-1:2.3.3op2-34.el9_7.2.x86_64
2026-03-09T23:34:21+0100 SUBDEBUG Upgrade: gnome-classic-session-40.7-29.el9_7.noarch
2026-03-09T23:34:21+0100 SUBDEBUG Upgrade: buildah-2:1.41.8-2.el9_7.x86_64
2026-03-09T23:34:23+0100 SUBDEBUG Upgrade: podman-6:5.6.0-14.el9_7.x86_64
2026-03-09T23:34:24+0100 SUBDEBUG Upgrade: vim-enhanced-2:8.2.2637-23.el9_7.x86_64
2026-03-09T23:34:24+0100 SUBDEBUG Upgrade: NetworkManager-bluetooth-1:1.54.0-3.el9_7.x86_64
2026-03-09T23:34:24+0100 SUBDEBUG Upgrade: device-mapper-multipath-0.8.7-39.el9_7.1.x86_64
2026-03-09T23:34:24+0100 SUBDEBUG Upgrade: libblockdev-lvm-2.28-14.el9_6.x86_64
2026-03-09T23:34:24+0100 SUBDEBUG Installed: kernel-5.14.0-611.38.1.el9_7.x86_64
2026-03-09T23:34:24+0100 SUBDEBUG Upgrade: rhc-1:0.2.7-1.el9_6.x86_64
2026-03-09T23:34:33+0100 SUBDEBUG Upgrade: dnf-plugins-core-4.3.0-24.el9_7.noarch
2026-03-09T23:34:33+0100 SUBDEBUG Upgrade: ostree-2025.6-1.el9_7.x86_64
2026-03-09T23:34:33+0100 SUBDEBUG Upgrade: dracut-config-rescue-057-104.git20250919.el9_7.x86_64
2026-03-09T23:34:33+0100 SUBDEBUG Upgrade: dracut-network-057-104.git20250919.el9_7.x86_64
2026-03-09T23:34:33+0100 SUBDEBUG Upgrade: dracut-squash-057-104.git20250919.el9_7.x86_64
2026-03-09T23:34:33+0100 SUBDEBUG Upgrade: NetworkManager-adsl-1:1.54.0-3.el9_7.x86_64
2026-03-09T23:34:33+0100 SUBDEBUG Upgrade: NetworkManager-team-1:1.54.0-3.el9_7.x86_64
2026-03-09T23:34:33+0100 SUBDEBUG Upgrade: NetworkManager-tui-1:1.54.0-3.el9_7.x86_64
2026-03-09T23:34:33+0100 SUBDEBUG Upgrade: NetworkManager-wifi-1:1.54.0-3.el9_7.x86_64
2026-03-09T23:34:33+0100 SUBDEBUG Upgrade: sssd-kcm-2.9.7-4.el9_7.1.x86_64
2026-03-09T23:34:33+0100 SUBDEBUG Upgrade: xorg-x11-server-Xorg-1.20.11-32.el9_7.x86_64
2026-03-09T23:34:33+0100 SUBDEBUG Upgrade: qemu-guest-agent-17:9.1.0-29.el9_7.6.x86_64
2026-03-09T23:34:33+0100 SUBDEBUG Upgrade: at-3.1.23-13.el9_7.x86_64
2026-03-09T23:34:33+0100 SUBDEBUG Upgrade: openssh-server-8.7p1-47.el9_7.x86_64
2026-03-09T23:34:34+0100 SUBDEBUG Upgrade: microcode_ctl-4:20250812-1.20251111.1.el9_7.noarch
2026-03-09T23:34:41+0100 SUBDEBUG Upgrade: curl-7.76.1-35.el9_7.3.x86_64
2026-03-09T23:34:41+0100 SUBDEBUG Upgrade: kernel-tools-5.14.0-611.38.1.el9_7.x86_64
2026-03-09T23:34:41+0100 SUBDEBUG Upgrade: poppler-cpp-21.01.0-23.el9_7.x86_64
2026-03-09T23:34:41+0100 SUBDEBUG Upgrade: poppler-glib-21.01.0-23.el9_7.x86_64
2026-03-09T23:34:41+0100 SUBDEBUG Upgrade: poppler-utils-21.01.0-23.el9_7.x86_64
2026-03-09T23:34:41+0100 SUBDEBUG Upgrade: webkit2gtk3-2.50.4-1.el9_7.x86_64
2026-03-09T23:34:42+0100 SUBDEBUG Upgrade: openssh-clients-8.7p1-47.el9_7.x86_64
2026-03-09T23:34:42+0100 SUBDEBUG Upgrade: libblockdev-part-2.28-14.el9_6.x86_64
2026-03-09T23:34:42+0100 SUBDEBUG Upgrade: libblockdev-swap-2.28-14.el9_6.x86_64
2026-03-09T23:34:42+0100 SUBDEBUG Upgrade: util-linux-user-2.37.4-21.el9_7.x86_64
2026-03-09T23:34:42+0100 SUBDEBUG Upgrade: redhat-backgrounds-90.5-1.el9_6.1.noarch
2026-03-09T23:34:42+0100 SUBDEBUG Upgrade: mesa-libGL-25.0.7-4.el9_7.x86_64
2026-03-09T23:34:42+0100 SUBDEBUG Upgrade: xorg-x11-server-Xwayland-23.2.7-5.el9_7.x86_64
2026-03-09T23:34:42+0100 SUBDEBUG Upgrade: firefox-140.8.0-2.el9_7.x86_64
2026-03-09T23:34:45+0100 SUBDEBUG Upgrade: mesa-vulkan-drivers-25.0.7-4.el9_7.x86_64
2026-03-09T23:34:45+0100 SUBDEBUG Upgrade: libappstream-glib-0.7.18-5.el9_4.x86_64
2026-03-09T23:34:45+0100 SUBDEBUG Upgrade: python3-perf-5.14.0-611.38.1.el9_7.x86_64
2026-03-09T23:34:45+0100 SUBDEBUG Upgrade: python3-libxml2-2.9.13-14.el9_7.x86_64
2026-03-09T23:34:45+0100 SUBDEBUG Upgrade: sos-4.10.1-2.el9.noarch
2026-03-09T23:34:46+0100 SUBDEBUG Upgrade: python3-urllib3-1.26.5-6.el9_7.1.noarch
2026-03-09T23:34:46+0100 SUBDEBUG Upgrade: python3-nftables-1:1.0.9-6.el9_7.x86_64
2026-03-09T23:34:46+0100 SUBDEBUG Upgrade: libblockdev-2.28-14.el9_6.x86_64
2026-03-09T23:34:46+0100 SUBDEBUG Upgrade: libblockdev-crypto-2.28-14.el9_6.x86_64
2026-03-09T23:34:46+0100 SUBDEBUG Upgrade: libblockdev-fs-2.28-14.el9_6.x86_64
2026-03-09T23:34:46+0100 SUBDEBUG Upgrade: libblockdev-loop-2.28-14.el9_6.x86_64
2026-03-09T23:34:46+0100 SUBDEBUG Upgrade: libblockdev-mdraid-2.28-14.el9_6.x86_64
2026-03-09T23:34:46+0100 SUBDEBUG Upgrade: p11-kit-server-0.25.3-3.el9_5.x86_64
2026-03-09T23:34:46+0100 SUBDEBUG Upgrade: net-snmp-libs-1:5.9.1-17.el9_7.1.x86_64
2026-03-09T23:34:46+0100 SUBDEBUG Upgrade: cups-ipptool-1:2.3.3op2-34.el9_7.2.x86_64
2026-03-09T23:34:46+0100 SUBDEBUG Upgrade: mesa-libxatracker-25.0.7-4.el9_7.x86_64
2026-03-09T23:34:47+0100 SUBDEBUG Upgrade: xfsdump-3.1.12-4.el9_3.x86_64
2026-03-09T23:34:47+0100 SUBDEBUG Upgrade: texlive-lib-9:20200406-26.el9_2.x86_64
2026-03-09T23:34:47+0100 SUBDEBUG Upgrade: mpg123-libs-1.32.9-1.el9_5.x86_64
2026-03-09T23:34:47+0100 SUBDEBUG Upgrade: libvpx-1.9.0-9.el9_6.x86_64
2026-03-09T23:34:47+0100 SUBDEBUG Upgrade: libv4l-1.20.0-5.el9_7_1.x86_64
2026-03-09T23:34:47+0100 SUBDEBUG Upgrade: vim-minimal-2:8.2.2637-23.el9_7.x86_64
2026-03-09T23:34:47+0100 SUBDEBUG Upgrade: tar-2:1.34-9.el9_7.x86_64
2026-03-09T23:34:47+0100 SUBDEBUG Upgrade: iwl100-firmware-39.31.5.1-155.3.el9_7.noarch
2026-03-09T23:34:47+0100 SUBDEBUG Upgrade: iwl1000-firmware-1:39.31.5.1-155.3.el9_7.noarch
2026-03-09T23:34:47+0100 SUBDEBUG Upgrade: iwl105-firmware-18.168.6.1-155.3.el9_7.noarch
2026-03-09T23:34:47+0100 SUBDEBUG Upgrade: iwl135-firmware-18.168.6.1-155.3.el9_7.noarch
2026-03-09T23:34:47+0100 SUBDEBUG Upgrade: iwl2000-firmware-18.168.6.1-155.3.el9_7.noarch
2026-03-09T23:34:47+0100 SUBDEBUG Upgrade: iwl2030-firmware-18.168.6.1-155.3.el9_7.noarch
2026-03-09T23:34:47+0100 SUBDEBUG Upgrade: iwl3160-firmware-1:25.30.13.0-155.3.el9_7.noarch
2026-03-09T23:34:47+0100 SUBDEBUG Upgrade: iwl5000-firmware-8.83.5.1_1-155.3.el9_7.noarch
2026-03-09T23:34:47+0100 SUBDEBUG Upgrade: iwl5150-firmware-8.24.2.2-155.3.el9_7.noarch
2026-03-09T23:34:47+0100 SUBDEBUG Upgrade: iwl6000g2a-firmware-18.168.6.1-155.3.el9_7.noarch
2026-03-09T23:34:47+0100 SUBDEBUG Upgrade: iwl6000g2b-firmware-18.168.6.1-155.3.el9_7.noarch
2026-03-09T23:34:47+0100 SUBDEBUG Upgrade: iwl6050-firmware-41.28.5.1-155.3.el9_7.noarch
2026-03-09T23:34:47+0100 SUBDEBUG Upgrade: iwl7260-firmware-1:25.30.13.0-155.3.el9_7.noarch
2026-03-09T23:34:48+0100 SUBDEBUG Upgrade: libertas-sd8787-firmware-20260130-155.3.el9_7.noarch
2026-03-09T23:34:48+0100 SUBDEBUG Upgrade: netronome-firmware-20260130-155.3.el9_7.noarch
2026-03-09T23:34:48+0100 SUBDEBUG Upgrade: man-pages-6.04-9.el9_7.noarch
2026-03-09T23:34:49+0100 SUBDEBUG Upgrade: NetworkManager-config-server-1:1.54.0-3.el9_7.noarch
2026-03-09T23:34:49+0100 SUBDEBUG Upgraded: ostree-2025.4-2.el9.x86_64
2026-03-09T23:34:49+0100 SUBDEBUG Upgraded: python3-libxml2-2.9.13-12.el9_6.x86_64
2026-03-09T23:34:49+0100 SUBDEBUG Upgraded: NetworkManager-tui-1:1.54.0-1.el9.x86_64
2026-03-09T23:34:49+0100 SUBDEBUG Upgraded: webkit2gtk3-2.48.5-1.el9_6.x86_64
2026-03-09T23:34:49+0100 SUBDEBUG Upgraded: gstreamer1-plugins-bad-free-1.22.12-4.el9.x86_64
2026-03-09T23:34:49+0100 SUBDEBUG Upgraded: device-mapper-multipath-0.8.7-39.el9.x86_64
2026-03-09T23:34:49+0100 SUBDEBUG Upgraded: firefox-140.3.0-1.el9_6.x86_64
2026-03-09T23:34:49+0100 SUBDEBUG Upgraded: xorg-x11-server-Xorg-1.20.11-31.el9.x86_64
2026-03-09T23:34:49+0100 SUBDEBUG Upgraded: cups-1:2.3.3op2-33.el9_6.1.x86_64
2026-03-09T23:34:49+0100 SUBDEBUG Upgraded: qemu-guest-agent-17:9.1.0-29.el9_7.x86_64
2026-03-09T23:34:49+0100 SUBDEBUG Upgraded: mesa-vulkan-drivers-25.0.7-3.el9_7.x86_64
2026-03-09T23:34:49+0100 SUBDEBUG Upgraded: device-mapper-multipath-libs-0.8.7-39.el9.x86_64
2026-03-09T23:34:49+0100 SUBDEBUG Upgraded: openssh-server-8.7p1-46.el9.x86_64
2026-03-09T23:34:49+0100 SUBDEBUG Upgraded: python3-perf-5.14.0-611.5.1.el9_7.x86_64
2026-03-09T23:34:49+0100 SUBDEBUG Upgraded: xorg-x11-server-Xwayland-23.2.7-4.el9.x86_64
2026-03-09T23:34:49+0100 SUBDEBUG Upgraded: gdm-1:40.1-37.el9.x86_64
2026-03-09T23:34:50+0100 SUBDEBUG Upgraded: webkit2gtk3-jsc-2.48.5-1.el9_6.x86_64
2026-03-09T23:34:50+0100 SUBDEBUG Upgraded: ostree-libs-2025.4-2.el9.x86_64
2026-03-09T23:34:50+0100 SUBDEBUG Upgraded: sssd-kcm-2.9.7-4.el9.x86_64
2026-03-09T23:34:50+0100 SUBDEBUG Upgraded: podman-6:5.6.0-2.el9.x86_64
2026-03-09T23:34:50+0100 SUBDEBUG Upgraded: mesa-libxatracker-25.0.7-3.el9_7.x86_64
2026-03-09T23:34:50+0100 SUBDEBUG Upgraded: libblockdev-fs-2.28-14.el9.x86_64
2026-03-09T23:34:50+0100 SUBDEBUG Upgraded: p11-kit-server-0.25.3-3.el9.x86_64
2026-03-09T23:34:50+0100 SUBDEBUG Upgraded: vim-enhanced-2:8.2.2637-22.el9_6.1.x86_64
2026-03-09T23:34:50+0100 SUBDEBUG Upgraded: libblockdev-lvm-2.28-14.el9.x86_64
2026-03-09T23:34:50+0100 SUBDEBUG Upgraded: lvm2-9:2.03.32-2.el9.x86_64
2026-03-09T23:34:50+0100 SUBDEBUG Upgraded: lvm2-libs-9:2.03.32-2.el9.x86_64
2026-03-09T23:34:50+0100 SUBDEBUG Upgraded: device-mapper-event-9:1.02.206-2.el9.x86_64
2026-03-09T23:34:50+0100 SUBDEBUG Upgraded: kernel-tools-5.14.0-611.5.1.el9_7.x86_64
2026-03-09T23:34:50+0100 SUBDEBUG Upgraded: openssh-clients-8.7p1-46.el9.x86_64
2026-03-09T23:34:50+0100 SUBDEBUG Upgraded: net-snmp-libs-1:5.9.1-17.el9.x86_64
2026-03-09T23:34:50+0100 SUBDEBUG Upgraded: mesa-libGL-25.0.7-3.el9_7.x86_64
2026-03-09T23:34:50+0100 SUBDEBUG Upgraded: poppler-glib-21.01.0-21.el9.x86_64
2026-03-09T23:34:50+0100 SUBDEBUG Upgraded: openssh-8.7p1-46.el9.x86_64
2026-03-09T23:34:50+0100 SUBDEBUG Upgraded: libblockdev-crypto-2.28-14.el9.x86_64
2026-03-09T23:34:50+0100 SUBDEBUG Upgraded: gnupg2-2.3.3-4.el9.x86_64
2026-03-09T23:34:50+0100 SUBDEBUG Upgraded: binutils-2.35.2-67.el9.x86_64
2026-03-09T23:34:50+0100 SUBDEBUG Upgraded: at-3.1.23-12.el9_6.x86_64
2026-03-09T23:34:50+0100 SUBDEBUG Upgraded: xfsdump-3.1.12-4.el9.x86_64
2026-03-09T23:34:50+0100 SUBDEBUG Upgraded: mpg123-libs-1.32.9-1.el9.x86_64
2026-03-09T23:34:50+0100 SUBDEBUG Upgraded: texlive-lib-9:20200406-26.el9.x86_64
2026-03-09T23:34:50+0100 SUBDEBUG Upgraded: gstreamer1-plugins-bad-free-libs-1.22.12-4.el9.x86_64
2026-03-09T23:34:50+0100 SUBDEBUG Upgraded: libblockdev-swap-2.28-14.el9.x86_64
2026-03-09T23:34:50+0100 SUBDEBUG Upgraded: libblockdev-part-2.28-14.el9.x86_64
2026-03-09T23:34:50+0100 SUBDEBUG Upgraded: libappstream-glib-0.7.18-5.el9.x86_64
2026-03-09T23:34:50+0100 SUBDEBUG Upgraded: libsoup-2.72.0-10.el9_6.2.x86_64
2026-03-09T23:34:50+0100 SUBDEBUG Upgraded: device-mapper-event-libs-9:1.02.206-2.el9.x86_64
2026-03-09T23:34:50+0100 SUBDEBUG Upgraded: tar-2:1.34-7.el9.x86_64
2026-03-09T23:34:50+0100 SUBDEBUG Upgraded: libv4l-1.20.0-5.el9.x86_64
2026-03-09T23:34:50+0100 SUBDEBUG Upgraded: util-linux-user-2.37.4-21.el9.x86_64
2026-03-09T23:34:50+0100 SUBDEBUG Upgraded: curl-7.76.1-34.el9.x86_64
2026-03-09T23:34:50+0100 SUBDEBUG Upgraded: poppler-utils-21.01.0-21.el9.x86_64
2026-03-09T23:34:50+0100 SUBDEBUG Upgraded: libvpx-1.9.0-9.el9.x86_64
2026-03-09T23:34:50+0100 SUBDEBUG Upgraded: libblockdev-loop-2.28-14.el9.x86_64
2026-03-09T23:34:50+0100 SUBDEBUG Upgraded: binutils-gold-2.35.2-67.el9.x86_64
2026-03-09T23:34:50+0100 SUBDEBUG Upgraded: buildah-2:1.41.3-1.el9.x86_64
2026-03-09T23:34:50+0100 SUBDEBUG Upgraded: libblockdev-mdraid-2.28-14.el9.x86_64
2026-03-09T23:34:50+0100 SUBDEBUG Upgraded: libblockdev-2.28-14.el9.x86_64
2026-03-09T23:34:50+0100 SUBDEBUG Upgraded: sssd-2.9.7-4.el9.x86_64
2026-03-09T23:34:50+0100 SUBDEBUG Upgraded: gnome-classic-session-40.7-28.el9.noarch
2026-03-09T23:34:50+0100 SUBDEBUG Upgraded: containers-common-extra-4:1-134.el9.x86_64
2026-03-09T23:34:50+0100 SUBDEBUG Upgraded: containers-common-4:1-134.el9.x86_64
2026-03-09T23:34:50+0100 SUBDEBUG Upgraded: container-selinux-4:2.240.0-1.el9.noarch
2026-03-09T23:34:50+0100 SUBDEBUG Upgraded: microcode_ctl-4:20250812-1.el9.noarch
2026-03-09T23:34:51+0100 SUBDEBUG Upgraded: dracut-network-057-102.git20250818.el9.x86_64
2026-03-09T23:34:51+0100 SUBDEBUG Upgraded: python3-nftables-1:1.0.9-4.el9_6.x86_64
2026-03-09T23:34:51+0100 SUBDEBUG Upgraded: python3-urllib3-1.26.5-6.el9.noarch
2026-03-09T23:34:51+0100 SUBDEBUG Upgraded: sos-4.10.0-4.el9_7.noarch
2026-03-09T23:34:51+0100 SUBDEBUG Upgraded: redhat-release-9.7-0.6.el9.x86_64
2026-03-09T23:34:51+0100 SUBDEBUG Upgraded: gnome-shell-extension-apps-menu-40.7-28.el9.noarch
2026-03-09T23:34:51+0100 SUBDEBUG Upgraded: gnome-shell-extension-desktop-icons-40.7-28.el9.noarch
2026-03-09T23:34:51+0100 SUBDEBUG Upgraded: gnome-shell-extension-launch-new-instance-40.7-28.el9.noarch
2026-03-09T23:34:51+0100 SUBDEBUG Upgraded: gnome-shell-extension-places-menu-40.7-28.el9.noarch
2026-03-09T23:34:51+0100 SUBDEBUG Upgraded: gnome-shell-extension-window-list-40.7-28.el9.noarch
2026-03-09T23:34:51+0100 SUBDEBUG Upgraded: gnome-shell-extension-common-40.7-28.el9.noarch
2026-03-09T23:34:51+0100 SUBDEBUG Upgraded: xorg-x11-server-common-1.20.11-31.el9.x86_64
2026-03-09T23:34:51+0100 SUBDEBUG Upgraded: netronome-firmware-20250812-155.el9.noarch
2026-03-09T23:34:51+0100 SUBDEBUG Upgraded: linux-firmware-20250812-155.el9.noarch
2026-03-09T23:34:51+0100 SUBDEBUG Upgraded: libertas-sd8787-firmware-20250812-155.el9.noarch
2026-03-09T23:34:51+0100 SUBDEBUG Upgraded: iwl7260-firmware-1:25.30.13.0-155.el9.noarch
2026-03-09T23:34:51+0100 SUBDEBUG Upgraded: iwl6050-firmware-41.28.5.1-155.el9.noarch
2026-03-09T23:34:51+0100 SUBDEBUG Upgraded: iwl6000g2b-firmware-18.168.6.1-155.el9.noarch
2026-03-09T23:34:51+0100 SUBDEBUG Upgraded: iwl6000g2a-firmware-18.168.6.1-155.el9.noarch
2026-03-09T23:34:51+0100 SUBDEBUG Upgraded: iwl5150-firmware-8.24.2.2-155.el9.noarch
2026-03-09T23:34:51+0100 SUBDEBUG Upgraded: iwl5000-firmware-8.83.5.1_1-155.el9.noarch
2026-03-09T23:34:51+0100 SUBDEBUG Upgraded: iwl3160-firmware-1:25.30.13.0-155.el9.noarch
2026-03-09T23:34:51+0100 SUBDEBUG Upgraded: iwl2030-firmware-18.168.6.1-155.el9.noarch
2026-03-09T23:34:51+0100 SUBDEBUG Upgraded: iwl2000-firmware-18.168.6.1-155.el9.noarch
2026-03-09T23:34:51+0100 SUBDEBUG Upgraded: iwl135-firmware-18.168.6.1-155.el9.noarch
2026-03-09T23:34:51+0100 SUBDEBUG Upgraded: iwl105-firmware-18.168.6.1-155.el9.noarch
2026-03-09T23:34:51+0100 SUBDEBUG Upgraded: iwl1000-firmware-1:39.31.5.1-155.el9.noarch
2026-03-09T23:34:51+0100 SUBDEBUG Upgraded: iwl100-firmware-39.31.5.1-155.el9.noarch
2026-03-09T23:34:51+0100 SUBDEBUG Upgraded: dracut-squash-057-102.git20250818.el9.x86_64
2026-03-09T23:34:51+0100 SUBDEBUG Upgraded: dracut-config-rescue-057-102.git20250818.el9.x86_64
2026-03-09T23:34:51+0100 SUBDEBUG Upgraded: dnf-plugins-core-4.3.0-23.el9_7.noarch
2026-03-09T23:34:51+0100 SUBDEBUG Upgraded: redhat-backgrounds-90.5-1.el9.noarch
2026-03-09T23:34:51+0100 SUBDEBUG Upgraded: sssd-ipa-2.9.7-4.el9.x86_64
2026-03-09T23:34:51+0100 SUBDEBUG Upgraded: sssd-ad-2.9.7-4.el9.x86_64
2026-03-09T23:34:51+0100 SUBDEBUG Upgraded: libsmbclient-4.22.4-6.el9_7.x86_64
2026-03-09T23:34:51+0100 SUBDEBUG Upgraded: gnome-shell-40.10-28.el9.x86_64
2026-03-09T23:34:51+0100 SUBDEBUG Upgraded: mutter-40.9-28.el9.x86_64
2026-03-09T23:34:51+0100 SUBDEBUG Upgraded: sssd-common-pac-2.9.7-4.el9.x86_64
2026-03-09T23:34:51+0100 SUBDEBUG Upgraded: crun-1.23-1.el9.x86_64
2026-03-09T23:34:51+0100 SUBDEBUG Upgraded: sssd-proxy-2.9.7-4.el9.x86_64
2026-03-09T23:34:51+0100 SUBDEBUG Upgraded: sssd-ldap-2.9.7-4.el9.x86_64
2026-03-09T23:34:51+0100 SUBDEBUG Upgraded: passt-0^20250512.g8ec1341-2.el9.x86_64
2026-03-09T23:34:51+0100 SUBDEBUG Upgraded: dracut-057-102.git20250818.el9.x86_64
2026-03-09T23:34:51+0100 SUBDEBUG Upgraded: fuse-overlayfs-1.15-1.el9.x86_64
2026-03-09T23:34:51+0100 SUBDEBUG Upgraded: sssd-krb5-2.9.7-4.el9.x86_64
2026-03-09T23:34:51+0100 SUBDEBUG Upgraded: sssd-krb5-common-2.9.7-4.el9.x86_64
2026-03-09T23:34:51+0100 SUBDEBUG Upgraded: sssd-common-2.9.7-4.el9.x86_64
2026-03-09T23:34:51+0100 SUBDEBUG Upgraded: sssd-client-2.9.7-4.el9.x86_64
2026-03-09T23:34:51+0100 SUBDEBUG Upgraded: libblockdev-utils-2.28-14.el9.x86_64
2026-03-09T23:34:51+0100 SUBDEBUG Upgraded: bind-utils-32:9.16.23-31.el9_6.x86_64
2026-03-09T23:34:51+0100 SUBDEBUG Upgraded: bind-libs-32:9.16.23-31.el9_6.x86_64
2026-03-09T23:34:51+0100 SUBDEBUG Upgraded: libxml2-2.9.13-12.el9_6.x86_64
2026-03-09T23:34:51+0100 SUBDEBUG Upgraded: nftables-1:1.0.9-4.el9_6.x86_64
2026-03-09T23:34:52+0100 SUBDEBUG Upgraded: samba-client-libs-4.22.4-6.el9_7.x86_64
2026-03-09T23:34:52+0100 SUBDEBUG Upgraded: libwbclient-4.22.4-6.el9_7.x86_64
2026-03-09T23:34:52+0100 SUBDEBUG Upgraded: samba-common-libs-4.22.4-6.el9_7.x86_64
2026-03-09T23:34:52+0100 SUBDEBUG Upgraded: libldb-4.22.4-6.el9_7.x86_64
2026-03-09T23:34:52+0100 SUBDEBUG Upgraded: kpartx-0.8.7-39.el9.x86_64
2026-03-09T23:34:52+0100 SUBDEBUG Upgraded: device-mapper-9:1.02.206-2.el9.x86_64
2026-03-09T23:34:52+0100 SUBDEBUG Upgraded: device-mapper-libs-9:1.02.206-2.el9.x86_64
2026-03-09T23:34:52+0100 SUBDEBUG Upgraded: libwacom-1.12.1-5.el9_6.x86_64
2026-03-09T23:34:52+0100 SUBDEBUG Upgraded: libsss_nss_idmap-2.9.7-4.el9.x86_64
2026-03-09T23:34:52+0100 SUBDEBUG Upgraded: mesa-libEGL-25.0.7-3.el9_7.x86_64
2026-03-09T23:34:52+0100 SUBDEBUG Upgraded: mesa-dri-drivers-25.0.7-3.el9_7.x86_64
2026-03-09T23:34:52+0100 SUBDEBUG Upgraded: mesa-libgbm-25.0.7-3.el9_7.x86_64
2026-03-09T23:34:52+0100 SUBDEBUG Upgraded: pixman-0.40.0-6.el9.x86_64
2026-03-09T23:34:52+0100 SUBDEBUG Upgraded: vim-minimal-2:8.2.2637-22.el9_6.1.x86_64
2026-03-09T23:34:52+0100 SUBDEBUG Upgraded: NetworkManager-bluetooth-1:1.54.0-1.el9.x86_64
2026-03-09T23:34:52+0100 SUBDEBUG Upgraded: cups-ipptool-1:2.3.3op2-33.el9_6.1.x86_64
2026-03-09T23:34:52+0100 SUBDEBUG Upgraded: NetworkManager-wwan-1:1.54.0-1.el9.x86_64
2026-03-09T23:34:52+0100 SUBDEBUG Upgraded: containernetworking-plugins-1:1.7.1-1.el9.x86_64
2026-03-09T23:34:52+0100 SUBDEBUG Upgraded: libsss_certmap-2.9.7-4.el9.x86_64
2026-03-09T23:34:52+0100 SUBDEBUG Upgraded: which-2.21-30.el9.x86_64
2026-03-09T23:34:52+0100 SUBDEBUG Upgraded: cups-client-1:2.3.3op2-33.el9_6.1.x86_64
2026-03-09T23:34:52+0100 SUBDEBUG Upgraded: cups-libs-1:2.3.3op2-33.el9_6.1.x86_64
2026-03-09T23:34:52+0100 SUBDEBUG Upgraded: NetworkManager-wifi-1:1.54.0-1.el9.x86_64
2026-03-09T23:34:52+0100 SUBDEBUG Upgraded: libsss_sudo-2.9.7-4.el9.x86_64
2026-03-09T23:34:52+0100 SUBDEBUG Upgraded: NetworkManager-team-1:1.54.0-1.el9.x86_64
2026-03-09T23:34:52+0100 SUBDEBUG Upgraded: rhc-1:0.2.7-1.el9.x86_64
2026-03-09T23:34:52+0100 SUBDEBUG Upgraded: subscription-manager-1.29.47-1.el9.x86_64
2026-03-09T23:34:52+0100 SUBDEBUG Upgraded: libdnf-plugin-subscription-manager-1.29.47-1.el9.x86_64
2026-03-09T23:34:52+0100 SUBDEBUG Upgraded: python3-subscription-manager-rhsm-1.29.47-1.el9.x86_64
2026-03-09T23:34:52+0100 SUBDEBUG Upgraded: libsss_idmap-2.9.7-4.el9.x86_64
2026-03-09T23:34:52+0100 SUBDEBUG Upgraded: kernel-tools-libs-5.14.0-611.5.1.el9_7.x86_64
2026-03-09T23:34:52+0100 SUBDEBUG Upgraded: vim-common-2:8.2.2637-22.el9_6.1.x86_64
2026-03-09T23:34:52+0100 SUBDEBUG Upgraded: NetworkManager-adsl-1:1.54.0-1.el9.x86_64
2026-03-09T23:34:52+0100 SUBDEBUG Upgraded: NetworkManager-1:1.54.0-1.el9.x86_64
2026-03-09T23:34:52+0100 SUBDEBUG Upgraded: systemd-udev-252-55.el9.x86_64
2026-03-09T23:34:52+0100 SUBDEBUG Upgraded: libcurl-7.76.1-34.el9.x86_64
2026-03-09T23:34:52+0100 SUBDEBUG Upgraded: NetworkManager-libnm-1:1.54.0-1.el9.x86_64
2026-03-09T23:34:52+0100 SUBDEBUG Upgraded: libssh-0.10.4-15.el9_6.x86_64
2026-03-09T23:34:53+0100 SUBDEBUG Upgraded: libbrotli-1.0.9-7.el9_5.x86_64
2026-03-09T23:34:53+0100 SUBDEBUG Upgraded: poppler-cpp-21.01.0-21.el9.x86_64
2026-03-09T23:34:53+0100 SUBDEBUG Upgraded: python3-dnf-plugins-core-4.3.0-23.el9_7.noarch
2026-03-09T23:34:53+0100 SUBDEBUG Upgraded: python3-dateutil-1:2.8.1-7.el9.noarch
2026-03-09T23:34:53+0100 SUBDEBUG Upgraded: python3-cloud-what-1.29.47-1.el9.x86_64
2026-03-09T23:34:53+0100 SUBDEBUG Upgraded: samba-common-4.22.4-6.el9_7.noarch
2026-03-09T23:34:53+0100 SUBDEBUG Upgraded: passt-selinux-0^20250512.g8ec1341-2.el9.noarch
2026-03-09T23:34:53+0100 SUBDEBUG Upgraded: selinux-policy-38.1.65-1.el9.noarch
2026-03-09T23:34:53+0100 SUBDEBUG Upgraded: gsettings-desktop-schemas-40.0-7.el9_6.x86_64
2026-03-09T23:34:53+0100 SUBDEBUG Upgraded: selinux-policy-targeted-38.1.65-1.el9.noarch
2026-03-09T23:34:53+0100 SUBDEBUG Upgraded: libssh-config-0.10.4-15.el9_6.noarch
2026-03-09T23:34:53+0100 SUBDEBUG Upgraded: vim-filesystem-2:8.2.2637-22.el9_6.1.noarch
2026-03-09T23:34:53+0100 SUBDEBUG Upgraded: mesa-filesystem-25.0.7-3.el9_7.x86_64
2026-03-09T23:34:53+0100 SUBDEBUG Upgraded: libwacom-data-1.12.1-5.el9_6.noarch
2026-03-09T23:34:53+0100 SUBDEBUG Upgraded: bind-license-32:9.16.23-31.el9_6.noarch
2026-03-09T23:34:53+0100 SUBDEBUG Upgraded: redhat-logos-90.5-1.el9.x86_64
2026-03-09T23:34:53+0100 SUBDEBUG Upgraded: linux-firmware-whence-20250812-155.el9.noarch
2026-03-09T23:34:53+0100 SUBDEBUG Upgraded: redhat-release-eula-9.7-0.6.el9.x86_64
2026-03-09T23:34:53+0100 SUBDEBUG Upgraded: cups-filesystem-1:2.3.3op2-33.el9_6.1.noarch
2026-03-09T23:34:53+0100 SUBDEBUG Upgraded: man-pages-6.04-7.el9.noarch
2026-03-09T23:34:53+0100 SUBDEBUG Upgraded: NetworkManager-config-server-1:1.54.0-1.el9.noarch
2026-03-09T23:34:53+0100 SUBDEBUG Upgraded: systemd-252-55.el9.x86_64
2026-03-09T23:34:53+0100 SUBDEBUG Upgraded: util-linux-2.37.4-21.el9.x86_64
2026-03-09T23:34:53+0100 SUBDEBUG Upgraded: util-linux-core-2.37.4-21.el9.x86_64
2026-03-09T23:34:53+0100 SUBDEBUG Upgraded: systemd-pam-252-55.el9.x86_64
2026-03-09T23:34:53+0100 SUBDEBUG Upgraded: systemd-libs-252-55.el9.x86_64
2026-03-09T23:34:53+0100 SUBDEBUG Upgraded: libfdisk-2.37.4-21.el9.x86_64
2026-03-09T23:34:53+0100 SUBDEBUG Upgraded: pam-1.5.1-26.el9.x86_64
2026-03-09T23:34:53+0100 SUBDEBUG Upgraded: openssl-1:3.5.1-3.el9.x86_64
2026-03-09T23:34:53+0100 SUBDEBUG Upgraded: poppler-21.01.0-21.el9.x86_64
2026-03-09T23:34:53+0100 SUBDEBUG Upgraded: libtiff-4.4.0-15.el9.x86_64
2026-03-09T23:34:53+0100 SUBDEBUG Upgraded: python3-hawkey-0.69.0-16.el9.x86_64
2026-03-09T23:34:53+0100 SUBDEBUG Upgraded: python3-libdnf-0.69.0-16.el9.x86_64
2026-03-09T23:34:53+0100 SUBDEBUG Upgraded: libdnf-0.69.0-16.el9.x86_64
2026-03-09T23:34:53+0100 SUBDEBUG Upgraded: glib2-2.68.4-16.el9_6.3.x86_64
2026-03-09T23:34:53+0100 SUBDEBUG Upgraded: libmount-2.37.4-21.el9.x86_64
2026-03-09T23:34:53+0100 SUBDEBUG Upgraded: libblkid-2.37.4-21.el9.x86_64
2026-03-09T23:34:53+0100 SUBDEBUG Upgraded: libpng-2:1.6.37-12.el9.x86_64
2026-03-09T23:34:53+0100 SUBDEBUG Upgraded: libsmartcols-2.37.4-21.el9.x86_64
2026-03-09T23:34:53+0100 SUBDEBUG Upgraded: python-unversioned-command-3.9.23-2.el9.noarch
2026-03-09T23:34:53+0100 SUBDEBUG Upgraded: python3-3.9.23-2.el9.x86_64
2026-03-09T23:34:53+0100 SUBDEBUG Upgraded: python3-libs-3.9.23-2.el9.x86_64
2026-03-09T23:34:53+0100 SUBDEBUG Upgraded: openssl-libs-1:3.5.1-3.el9.x86_64
2026-03-09T23:34:53+0100 SUBDEBUG Upgraded: libuuid-2.37.4-21.el9.x86_64
2026-03-09T23:34:53+0100 SUBDEBUG Upgraded: sqlite-libs-3.34.1-8.el9_6.x86_64
2026-03-09T23:34:53+0100 SUBDEBUG Upgraded: expat-2.5.0-5.el9_6.x86_64
2026-03-09T23:34:53+0100 SUBDEBUG Upgraded: libipa_hbac-2.9.7-4.el9.x86_64
2026-03-09T23:34:53+0100 SUBDEBUG Upgraded: ca-certificates-2024.2.69_v8.0.303-91.4.el9_4.noarch
2026-03-09T23:34:53+0100 SUBDEBUG Upgraded: systemd-rpm-macros-252-55.el9.noarch
2026-03-09T23:34:53+0100 SUBDEBUG Upgraded: p11-kit-trust-0.25.3-3.el9.x86_64
2026-03-09T23:34:53+0100 SUBDEBUG Upgraded: p11-kit-0.25.3-3.el9.x86_64
2026-03-09T23:34:53+0100 SUBDEBUG Upgraded: glibc-all-langpacks-2.34-231.el9.x86_64
2026-03-09T23:34:53+0100 SUBDEBUG Upgraded: glibc-gconv-extra-2.34-231.el9.x86_64
2026-03-09T23:34:53+0100 SUBDEBUG Upgraded: glibc-common-2.34-231.el9.x86_64
2026-03-09T23:34:53+0100 SUBDEBUG Upgraded: glibc-langpack-en-2.34-231.el9.x86_64
2026-03-09T23:34:53+0100 SUBDEBUG Upgraded: glibc-2.34-231.el9.x86_64
2026-03-09T23:34:53+0100 SUBDEBUG Upgraded: tzdata-2025b-2.el9.noarch
2026-03-10T00:13:17+0100 INFO --- logging initialized ---
2026-03-10T00:13:23+0100 INFO --- logging initialized ---
2026-03-10T00:16:50+0100 INFO --- logging initialized ---
2026-03-10T00:16:54+0100 SUBDEBUG Installed: apr-1.7.0-12.el9_3.x86_64
2026-03-10T00:16:54+0100 SUBDEBUG Installed: apr-util-bdb-1.6.1-23.el9.x86_64
2026-03-10T00:16:54+0100 SUBDEBUG Installed: apr-util-openssl-1.6.1-23.el9.x86_64
2026-03-10T00:16:54+0100 SUBDEBUG Installed: apr-util-1.6.1-23.el9.x86_64
2026-03-10T00:16:54+0100 SUBDEBUG Installed: httpd-tools-2.4.62-7.el9_7.3.x86_64
2026-03-10T00:16:54+0100 SUBDEBUG Installed: httpd-filesystem-2.4.62-7.el9_7.3.noarch
2026-03-10T00:16:55+0100 SUBDEBUG Installed: httpd-core-2.4.62-7.el9_7.3.x86_64
2026-03-10T00:16:55+0100 SUBDEBUG Installed: mod_lua-2.4.62-7.el9_7.3.x86_64
2026-03-10T00:16:55+0100 SUBDEBUG Installed: redhat-logos-httpd-90.5-1.el9_6.1.noarch
2026-03-10T00:16:55+0100 SUBDEBUG Installed: mod_http2-2.0.26-5.el9.x86_64
2026-03-10T00:16:55+0100 SUBDEBUG Installed: httpd-2.4.62-7.el9_7.3.x86_64
2026-03-10T00:18:37+0100 INFO --- logging initialized ---
2026-03-15T07:32:18+0100 INFO --- logging initialized ---
2026-03-15T07:56:50+0100 INFO --- logging initialized ---
2026-03-15T08:40:19+0100 INFO --- logging initialized ---
2026-03-15T09:43:06+0100 INFO --- logging initialized ---
2026-03-15T11:29:06+0100 INFO --- logging initialized ---
2026-03-15T21:11:37+0100 INFO --- logging initialized ---
2026-03-15T22:09:33+0100 INFO --- logging initialized ---
2026-03-15T22:11:47+0100 INFO --- logging initialized ---
2026-03-15T22:39:37+0100 INFO --- logging initialized ---
2026-03-16T00:09:37+0100 INFO --- logging initialized ---
2026-03-16T01:25:27+0100 INFO --- logging initialized ---
2026-03-16T02:43:27+0100 INFO --- logging initialized ---
2026-03-16T04:01:37+0100 INFO --- logging initialized ---
2026-03-16T05:45:37+0100 INFO --- logging initialized ---
2026-03-16T07:24:37+0100 INFO --- logging initialized ---
2026-03-16T09:02:37+0100 INFO --- logging initialized ---
2026-03-16T10:56:37+0100 INFO --- logging initialized ---
2026-03-16T12:39:37+0100 INFO --- logging initialized ---
2026-03-16T13:58:27+0100 INFO --- logging initialized ---
2026-03-16T15:12:37+0100 INFO --- logging initialized ---
2026-03-16T16:20:37+0100 INFO --- logging initialized ---
2026-03-16T17:30:37+0100 INFO --- logging initialized ---
2026-03-16T18:32:37+0100 INFO --- logging initialized ---
2026-03-16T20:14:22+0100 INFO --- logging initialized ---
2026-03-16T21:49:17+0100 INFO --- logging initialized ---
2026-03-16T23:38:37+0100 INFO --- logging initialized ---
2026-03-17T00:47:37+0100 INFO --- logging initialized ---
2026-03-17T01:59:22+0100 INFO --- logging initialized ---
2026-03-17T03:47:37+0100 INFO --- logging initialized ---
2026-03-17T04:55:27+0100 INFO --- logging initialized ---
2026-03-17T06:38:37+0100 INFO --- logging initialized ---
2026-03-17T08:37:27+0100 INFO --- logging initialized ---
2026-03-17T10:26:48+0100 INFO --- logging initialized ---
2026-03-17T11:56:13+0100 INFO --- logging initialized ---
2026-03-17T13:35:27+0100 INFO --- logging initialized ---
2026-03-17T15:13:27+0100 INFO --- logging initialized ---
2026-03-17T16:16:27+0100 INFO --- logging initialized ---
2026-03-17T17:20:27+0100 INFO --- logging initialized ---
2026-03-17T19:07:27+0100 INFO --- logging initialized ---
2026-03-17T20:54:17+0100 INFO --- logging initialized ---
2026-03-17T22:21:27+0100 INFO --- logging initialized ---
2026-03-17T23:55:27+0100 INFO --- logging initialized ---
2026-03-18T01:22:27+0100 INFO --- logging initialized ---
2026-03-18T02:56:27+0100 INFO --- logging initialized ---
2026-03-18T04:16:27+0100 INFO --- logging initialized ---
2026-03-18T05:55:27+0100 INFO --- logging initialized ---
2026-03-18T07:39:17+0100 INFO --- logging initialized ---
2026-03-18T09:01:27+0100 INFO --- logging initialized ---
2026-03-18T10:25:02+0100 INFO --- logging initialized ---
2026-03-18T11:05:43+0100 INFO --- logging initialized ---
2026-03-18T12:03:34+0100 INFO --- logging initialized ---
2026-03-18T13:19:34+0100 INFO --- logging initialized ---
2026-03-18T14:41:34+0100 INFO --- logging initialized ---
2026-03-18T16:17:34+0100 INFO --- logging initialized ---
2026-03-18T17:39:34+0100 INFO --- logging initialized ---
2026-03-18T19:07:14+0100 INFO --- logging initialized ---
2026-03-18T20:42:34+0100 INFO --- logging initialized ---
2026-03-18T22:11:34+0100 INFO --- logging initialized ---
2026-03-19T12:34:18+0100 INFO --- logging initialized ---
2026-03-28T19:26:45+0100 INFO --- logging initialized ---
2026-03-28T21:14:33+0100 INFO --- logging initialized ---
2026-03-28T23:14:08+0100 INFO --- logging initialized ---
2026-03-29T00:29:08+0100 INFO --- logging initialized ---
2026-03-29T01:58:08+0100 INFO --- logging initialized ---
2026-03-29T04:10:08+0200 INFO --- logging initialized ---
2026-03-29T05:21:08+0200 INFO --- logging initialized ---
2026-03-29T06:53:08+0200 INFO --- logging initialized ---
2026-03-29T08:43:08+0200 INFO --- logging initialized ---
2026-03-29T10:36:08+0200 INFO --- logging initialized ---
2026-03-29T12:03:08+0200 INFO --- logging initialized ---
2026-03-29T13:23:08+0200 INFO --- logging initialized ---
2026-03-29T14:55:08+0200 INFO --- logging initialized ---
2026-03-29T16:35:08+0200 INFO --- logging initialized ---
2026-03-29T17:50:08+0200 INFO --- logging initialized ---
2026-03-29T19:51:08+0200 INFO --- logging initialized ---
2026-03-29T20:05:30+0200 INFO --- logging initialized ---
2026-03-29T20:05:38+0200 SUBDEBUG Installed: git-core-2.47.3-1.el9_6.x86_64
2026-03-29T20:05:38+0200 SUBDEBUG Installed: git-core-doc-2.47.3-1.el9_6.noarch
2026-03-29T20:05:39+0200 SUBDEBUG Installed: perl-lib-0.65-481.1.el9_6.x86_64
2026-03-29T20:05:39+0200 SUBDEBUG Installed: perl-TermReadKey-2.38-11.el9.x86_64
2026-03-29T20:05:39+0200 SUBDEBUG Installed: perl-Error-1:0.17029-7.el9.noarch
2026-03-29T20:05:39+0200 SUBDEBUG Installed: git-2.47.3-1.el9_6.x86_64
2026-03-29T20:05:39+0200 SUBDEBUG Installed: perl-Git-2.47.3-1.el9_6.noarch
2026-03-29T21:00:52+0200 INFO --- logging initialized ---
2026-03-29T21:22:53+0200 INFO --- logging initialized ---
2026-03-29T21:23:34+0200 INFO --- logging initialized ---
2026-03-29T21:26:46+0200 INFO --- logging initialized ---
2026-03-29T21:28:28+0200 SUBDEBUG Upgrade: linux-firmware-whence-20260311-155.4.el9_7.noarch
2026-03-29T21:28:28+0200 SUBDEBUG Upgrade: nspr-4.36.0-8.el9_4.x86_64
2026-03-29T21:28:28+0200 SUBDEBUG Upgrade: nss-util-3.112.0-8.el9_4.x86_64
2026-03-29T21:28:28+0200 SUBDEBUG Upgrade: grub2-common-1:2.06-114.el9_7.1.noarch
2026-03-29T21:28:28+0200 SUBDEBUG Upgrade: samba-common-4.22.4-18.el9_7.noarch
2026-03-29T21:28:28+0200 SUBDEBUG Upgrade: libldb-4.22.4-18.el9_7.x86_64
2026-03-29T21:28:29+0200 SUBDEBUG Upgrade: device-mapper-libs-9:1.02.206-2.el9_7.2.x86_64
2026-03-29T21:28:29+0200 SUBDEBUG Upgrade: device-mapper-9:1.02.206-2.el9_7.2.x86_64
2026-03-29T21:28:29+0200 SUBDEBUG Upgrade: device-mapper-event-libs-9:1.02.206-2.el9_7.2.x86_64
2026-03-29T21:28:29+0200 SUBDEBUG Upgrade: grub2-tools-minimal-1:2.06-114.el9_7.1.x86_64
2026-03-29T21:28:29+0200 SUBDEBUG Upgrade: libarchive-3.5.3-7.el9_7.x86_64
2026-03-29T21:28:29+0200 SUBDEBUG Upgrade: mesa-filesystem-25.0.7-5.el9_7.x86_64
2026-03-29T21:28:29+0200 SUBDEBUG Upgrade: mesa-libEGL-25.0.7-5.el9_7.x86_64
2026-03-29T21:28:29+0200 SUBDEBUG Upgrade: mesa-libgbm-25.0.7-5.el9_7.x86_64
2026-03-29T21:28:29+0200 SUBDEBUG Upgrade: mesa-dri-drivers-25.0.7-5.el9_7.x86_64
2026-03-29T21:28:29+0200 SUBDEBUG Upgrade: ostree-libs-2025.6-2.el9_7.x86_64
2026-03-29T21:28:29+0200 SUBDEBUG Upgrade: device-mapper-event-9:1.02.206-2.el9_7.2.x86_64
2026-03-29T21:28:30+0200 SUBDEBUG Upgrade: lvm2-libs-9:2.03.32-2.el9_7.2.x86_64
2026-03-29T21:28:30+0200 SUBDEBUG Upgrade: grub2-tools-1:2.06-114.el9_7.1.x86_64
2026-03-29T21:28:30+0200 SUBDEBUG Upgrade: nss-softokn-freebl-3.112.0-8.el9_4.x86_64
2026-03-29T21:28:30+0200 SUBDEBUG Upgrade: nss-softokn-3.112.0-8.el9_4.x86_64
2026-03-29T21:28:30+0200 SUBDEBUG Upgrade: nss-3.112.0-8.el9_4.x86_64
2026-03-29T21:28:30+0200 SUBDEBUG Upgrade: nss-sysinit-3.112.0-8.el9_4.x86_64
2026-03-29T21:28:30+0200 SUBDEBUG Upgrade: linux-firmware-20260311-155.4.el9_7.noarch
2026-03-29T21:28:45+0200 SUBDEBUG Installed: kernel-modules-core-5.14.0-611.42.1.el9_7.x86_64
2026-03-29T21:28:46+0200 SUBDEBUG Installed: kernel-core-5.14.0-611.42.1.el9_7.x86_64
2026-03-29T21:28:52+0200 SUBDEBUG Installed: kernel-modules-5.14.0-611.42.1.el9_7.x86_64
2026-03-29T21:28:59+0200 SUBDEBUG Upgrade: vim-filesystem-2:8.2.2637-23.el9_7.1.noarch
2026-03-29T21:28:59+0200 SUBDEBUG Upgrade: vim-common-2:8.2.2637-23.el9_7.1.x86_64
2026-03-29T21:29:00+0200 SUBDEBUG Upgrade: kernel-tools-libs-5.14.0-611.42.1.el9_7.x86_64
2026-03-29T21:29:00+0200 SUBDEBUG Upgrade: tzdata-2026a-1.el9.noarch
2026-03-29T21:29:01+0200 SUBDEBUG Upgrade: python3-libs-3.9.25-3.el9_7.1.x86_64
2026-03-29T21:29:03+0200 SUBDEBUG Upgrade: python3-3.9.25-3.el9_7.1.x86_64
2026-03-29T21:29:03+0200 SUBDEBUG Upgrade: python-unversioned-command-3.9.25-3.el9_7.1.noarch
2026-03-29T21:29:03+0200 SUBDEBUG Upgrade: python3-firewall-1.3.4-18.el9_7.noarch
2026-03-29T21:29:03+0200 SUBDEBUG Upgrade: gnutls-3.8.3-10.el9_7.x86_64
2026-03-29T21:29:03+0200 SUBDEBUG Upgrade: libwbclient-4.22.4-18.el9_7.x86_64
2026-03-29T21:29:03+0200 SUBDEBUG Upgrade: samba-common-libs-4.22.4-18.el9_7.x86_64
2026-03-29T21:29:03+0200 SUBDEBUG Upgrade: samba-client-libs-4.22.4-18.el9_7.x86_64
2026-03-29T21:29:04+0200 SUBDEBUG Upgrade: firewalld-filesystem-1.3.4-18.el9_7.noarch
2026-03-29T21:29:04+0200 SUBDEBUG Upgrade: firewalld-1.3.4-18.el9_7.noarch
2026-03-29T21:29:04+0200 SUBDEBUG Upgrade: libsmbclient-4.22.4-18.el9_7.x86_64
2026-03-29T21:29:04+0200 SUBDEBUG Upgrade: python3-perf-5.14.0-611.42.1.el9_7.x86_64
2026-03-29T21:29:04+0200 SUBDEBUG Upgrade: vim-enhanced-2:8.2.2637-23.el9_7.1.x86_64
2026-03-29T21:29:09+0200 SUBDEBUG Upgrade: sos-4.10.2-2.el9_7.noarch
2026-03-29T21:29:10+0200 SUBDEBUG Upgrade: kernel-tools-5.14.0-611.42.1.el9_7.x86_64
2026-03-29T21:29:10+0200 SUBDEBUG Installed: kernel-5.14.0-611.42.1.el9_7.x86_64
2026-03-29T21:29:10+0200 SUBDEBUG Upgrade: kmod-kvdo-8.2.6.3-176.el9_7.x86_64
2026-03-29T21:29:10+0200 SUBDEBUG Upgrade: firefox-140.9.0-1.el9_7.x86_64
2026-03-29T21:29:12+0200 SUBDEBUG Upgrade: grub2-efi-x64-1:2.06-114.el9_7.1.x86_64
2026-03-29T21:29:12+0200 SUBDEBUG Upgrade: lvm2-9:2.03.32-2.el9_7.2.x86_64
2026-03-29T21:29:13+0200 SUBDEBUG Upgrade: ostree-2025.6-2.el9_7.x86_64
2026-03-29T21:29:13+0200 SUBDEBUG Upgrade: mesa-libGL-25.0.7-5.el9_7.x86_64
2026-03-29T21:29:13+0200 SUBDEBUG Upgrade: mesa-vulkan-drivers-25.0.7-5.el9_7.x86_64
2026-03-29T21:29:13+0200 SUBDEBUG Installed: grub2-tools-extra-1:2.06-114.el9_7.1.x86_64
2026-03-29T21:29:13+0200 SUBDEBUG Installed: grub2-tools-efi-1:2.06-114.el9_7.1.x86_64
2026-03-29T21:29:13+0200 SUBDEBUG Upgrade: iwl100-firmware-39.31.5.1-155.4.el9_7.noarch
2026-03-29T21:29:13+0200 SUBDEBUG Upgrade: iwl1000-firmware-1:39.31.5.1-155.4.el9_7.noarch
2026-03-29T21:29:13+0200 SUBDEBUG Upgrade: iwl105-firmware-18.168.6.1-155.4.el9_7.noarch
2026-03-29T21:29:13+0200 SUBDEBUG Upgrade: iwl135-firmware-18.168.6.1-155.4.el9_7.noarch
2026-03-29T21:29:13+0200 SUBDEBUG Upgrade: iwl2000-firmware-18.168.6.1-155.4.el9_7.noarch
2026-03-29T21:29:13+0200 SUBDEBUG Upgrade: iwl2030-firmware-18.168.6.1-155.4.el9_7.noarch
2026-03-29T21:29:13+0200 SUBDEBUG Upgrade: iwl3160-firmware-1:25.30.13.0-155.4.el9_7.noarch
2026-03-29T21:29:14+0200 SUBDEBUG Upgrade: iwl5000-firmware-8.83.5.1_1-155.4.el9_7.noarch
2026-03-29T21:29:14+0200 SUBDEBUG Upgrade: iwl5150-firmware-8.24.2.2-155.4.el9_7.noarch
2026-03-29T21:29:14+0200 SUBDEBUG Upgrade: iwl6000g2a-firmware-18.168.6.1-155.4.el9_7.noarch
2026-03-29T21:29:14+0200 SUBDEBUG Upgrade: iwl6000g2b-firmware-18.168.6.1-155.4.el9_7.noarch
2026-03-29T21:29:14+0200 SUBDEBUG Upgrade: iwl6050-firmware-41.28.5.1-155.4.el9_7.noarch
2026-03-29T21:29:14+0200 SUBDEBUG Upgrade: iwl7260-firmware-1:25.30.13.0-155.4.el9_7.noarch
2026-03-29T21:29:14+0200 SUBDEBUG Upgrade: libertas-sd8787-firmware-20260311-155.4.el9_7.noarch
2026-03-29T21:29:14+0200 SUBDEBUG Upgrade: netronome-firmware-20260311-155.4.el9_7.noarch
2026-03-29T21:29:14+0200 SUBDEBUG Upgrade: vim-minimal-2:8.2.2637-23.el9_7.1.x86_64
2026-03-29T21:29:14+0200 SUBDEBUG Upgrade: rhc-1:0.2.7-2.el9_7.x86_64
2026-03-29T21:29:22+0200 SUBDEBUG Upgrade: mesa-libxatracker-25.0.7-5.el9_7.x86_64
2026-03-29T21:29:23+0200 SUBDEBUG Upgrade: libvpx-1.9.0-10.el9_7.x86_64
2026-03-29T21:29:23+0200 SUBDEBUG Upgrade: libinput-1.19.3-8.el9_7.x86_64
2026-03-29T21:29:23+0200 SUBDEBUG Upgrade: crun-1.26-1.el9_7.x86_64
2026-03-29T21:29:23+0200 SUBDEBUG Upgraded: firefox-140.8.0-2.el9_7.x86_64
2026-03-29T21:29:23+0200 SUBDEBUG Upgraded: libsmbclient-4.22.4-12.el9_7.x86_64
2026-03-29T21:29:23+0200 SUBDEBUG Upgraded: ostree-2025.6-1.el9_7.x86_64
2026-03-29T21:29:23+0200 SUBDEBUG Upgraded: grub2-efi-x64-1:2.06-114.el9_7.x86_64
2026-03-29T21:29:23+0200 SUBDEBUG Upgraded: firewalld-1.3.4-15.el9_6.noarch
2026-03-29T21:29:23+0200 SUBDEBUG Upgraded: nss-3.112.0-4.el9_4.x86_64
2026-03-29T21:29:23+0200 SUBDEBUG Upgraded: samba-client-libs-4.22.4-12.el9_7.x86_64
2026-03-29T21:29:23+0200 SUBDEBUG Upgraded: samba-common-libs-4.22.4-12.el9_7.x86_64
2026-03-29T21:29:23+0200 SUBDEBUG Upgraded: libwbclient-4.22.4-12.el9_7.x86_64
2026-03-29T21:29:23+0200 SUBDEBUG Upgraded: nss-softokn-3.112.0-4.el9_4.x86_64
2026-03-29T21:29:23+0200 SUBDEBUG Upgraded: nss-sysinit-3.112.0-4.el9_4.x86_64
2026-03-29T21:29:23+0200 SUBDEBUG Upgraded: grub2-tools-1:2.06-114.el9_7.x86_64
2026-03-29T21:29:23+0200 SUBDEBUG Upgraded: grub2-tools-minimal-1:2.06-114.el9_7.x86_64
2026-03-29T21:29:23+0200 SUBDEBUG Upgraded: lvm2-9:2.03.32-2.el9_7.1.x86_64
2026-03-29T21:29:23+0200 SUBDEBUG Upgraded: lvm2-libs-9:2.03.32-2.el9_7.1.x86_64
2026-03-29T21:29:23+0200 SUBDEBUG Upgraded: device-mapper-event-9:1.02.206-2.el9_7.1.x86_64
2026-03-29T21:29:23+0200 SUBDEBUG Upgraded: device-mapper-event-libs-9:1.02.206-2.el9_7.1.x86_64
2026-03-29T21:29:23+0200 SUBDEBUG Upgraded: kernel-tools-5.14.0-611.38.1.el9_7.x86_64
2026-03-29T21:29:23+0200 SUBDEBUG Upgraded: vim-enhanced-2:8.2.2637-23.el9_7.x86_64
2026-03-29T21:29:23+0200 SUBDEBUG Upgraded: mesa-libGL-25.0.7-4.el9_7.x86_64
2026-03-29T21:29:23+0200 SUBDEBUG Upgraded: sos-4.10.1-2.el9.noarch
2026-03-29T21:29:23+0200 SUBDEBUG Upgraded: mesa-libEGL-25.0.7-4.el9_7.x86_64
2026-03-29T21:29:23+0200 SUBDEBUG Upgraded: mesa-libgbm-25.0.7-4.el9_7.x86_64
2026-03-29T21:29:23+0200 SUBDEBUG Upgraded: mesa-dri-drivers-25.0.7-4.el9_7.x86_64
2026-03-29T21:29:23+0200 SUBDEBUG Upgraded: nss-softokn-freebl-3.112.0-4.el9_4.x86_64
2026-03-29T21:29:23+0200 SUBDEBUG Upgraded: nss-util-3.112.0-4.el9_4.x86_64
2026-03-29T21:29:23+0200 SUBDEBUG Upgraded: python3-perf-5.14.0-611.38.1.el9_7.x86_64
2026-03-29T21:29:23+0200 SUBDEBUG Upgraded: python3-firewall-1.3.4-15.el9_6.noarch
2026-03-29T21:29:23+0200 SUBDEBUG Upgraded: netronome-firmware-20260130-155.3.el9_7.noarch
2026-03-29T21:29:23+0200 SUBDEBUG Upgraded: linux-firmware-20260130-155.3.el9_7.noarch
2026-03-29T21:29:23+0200 SUBDEBUG Upgraded: libertas-sd8787-firmware-20260130-155.3.el9_7.noarch
2026-03-29T21:29:23+0200 SUBDEBUG Upgraded: iwl7260-firmware-1:25.30.13.0-155.3.el9_7.noarch
2026-03-29T21:29:23+0200 SUBDEBUG Upgraded: iwl6050-firmware-41.28.5.1-155.3.el9_7.noarch
2026-03-29T21:29:23+0200 SUBDEBUG Upgraded: iwl6000g2b-firmware-18.168.6.1-155.3.el9_7.noarch
2026-03-29T21:29:23+0200 SUBDEBUG Upgraded: iwl6000g2a-firmware-18.168.6.1-155.3.el9_7.noarch
2026-03-29T21:29:23+0200 SUBDEBUG Upgraded: iwl5150-firmware-8.24.2.2-155.3.el9_7.noarch
2026-03-29T21:29:23+0200 SUBDEBUG Upgraded: iwl5000-firmware-8.83.5.1_1-155.3.el9_7.noarch
2026-03-29T21:29:23+0200 SUBDEBUG Upgraded: iwl3160-firmware-1:25.30.13.0-155.3.el9_7.noarch
2026-03-29T21:29:23+0200 SUBDEBUG Upgraded: iwl2030-firmware-18.168.6.1-155.3.el9_7.noarch
2026-03-29T21:29:23+0200 SUBDEBUG Upgraded: iwl2000-firmware-18.168.6.1-155.3.el9_7.noarch
2026-03-29T21:29:23+0200 SUBDEBUG Upgraded: iwl135-firmware-18.168.6.1-155.3.el9_7.noarch
2026-03-29T21:29:23+0200 SUBDEBUG Upgraded: iwl105-firmware-18.168.6.1-155.3.el9_7.noarch
2026-03-29T21:29:23+0200 SUBDEBUG Upgraded: iwl1000-firmware-1:39.31.5.1-155.3.el9_7.noarch
2026-03-29T21:29:24+0200 SUBDEBUG Upgraded: iwl100-firmware-39.31.5.1-155.3.el9_7.noarch
2026-03-29T21:29:24+0200 SUBDEBUG Upgraded: python3-3.9.25-3.el9_7.x86_64
2026-03-29T21:29:24+0200 SUBDEBUG Upgraded: python-unversioned-command-3.9.25-3.el9_7.noarch
2026-03-29T21:29:24+0200 SUBDEBUG Upgraded: python3-libs-3.9.25-3.el9_7.x86_64
2026-03-29T21:29:24+0200 SUBDEBUG Upgraded: vim-common-2:8.2.2637-23.el9_7.x86_64
2026-03-29T21:29:24+0200 SUBDEBUG Upgraded: device-mapper-9:1.02.206-2.el9_7.1.x86_64
2026-03-29T21:29:24+0200 SUBDEBUG Upgraded: device-mapper-libs-9:1.02.206-2.el9_7.1.x86_64
2026-03-29T21:29:24+0200 SUBDEBUG Upgraded: ostree-libs-2025.6-1.el9_7.x86_64
2026-03-29T21:29:24+0200 SUBDEBUG Upgraded: mesa-vulkan-drivers-25.0.7-4.el9_7.x86_64
2026-03-29T21:29:24+0200 SUBDEBUG Upgraded: mesa-filesystem-25.0.7-4.el9_7.x86_64
2026-03-29T21:29:24+0200 SUBDEBUG Upgraded: vim-filesystem-2:8.2.2637-23.el9_7.noarch
2026-03-29T21:29:24+0200 SUBDEBUG Upgraded: tzdata-2025c-1.el9.noarch
2026-03-29T21:29:24+0200 SUBDEBUG Upgraded: linux-firmware-whence-20260130-155.3.el9_7.noarch
2026-03-29T21:29:24+0200 SUBDEBUG Upgraded: grub2-common-1:2.06-114.el9_7.noarch
2026-03-29T21:29:24+0200 SUBDEBUG Upgraded: samba-common-4.22.4-12.el9_7.noarch
2026-03-29T21:29:24+0200 SUBDEBUG Upgraded: firewalld-filesystem-1.3.4-15.el9_6.noarch
2026-03-29T21:29:24+0200 SUBDEBUG Upgraded: kmod-kvdo-8.2.6.3-175.el9_7.x86_64
2026-03-29T21:30:45+0200 SUBDEBUG Upgraded: libarchive-3.5.3-6.el9_6.x86_64
2026-03-29T21:30:45+0200 SUBDEBUG Upgraded: nspr-4.36.0-4.el9_4.x86_64
2026-03-29T21:30:45+0200 SUBDEBUG Upgraded: kernel-tools-libs-5.14.0-611.38.1.el9_7.x86_64
2026-03-29T21:30:45+0200 SUBDEBUG Upgraded: libldb-4.22.4-12.el9_7.x86_64
2026-03-29T21:30:45+0200 SUBDEBUG Upgraded: gnutls-3.8.3-9.el9.x86_64
2026-03-29T21:30:45+0200 SUBDEBUG Upgraded: vim-minimal-2:8.2.2637-23.el9_7.x86_64
2026-03-29T21:30:45+0200 SUBDEBUG Upgraded: rhc-1:0.2.7-1.el9_6.x86_64
2026-03-29T21:30:45+0200 SUBDEBUG Upgraded: mesa-libxatracker-25.0.7-4.el9_7.x86_64
2026-03-29T21:30:45+0200 SUBDEBUG Upgraded: libvpx-1.9.0-9.el9_6.x86_64
2026-03-29T21:30:45+0200 SUBDEBUG Upgraded: libinput-1.19.3-7.el9_6.x86_64
2026-03-29T21:30:45+0200 SUBDEBUG Upgraded: crun-1.23.1-2.el9_7.x86_64
2026-03-29T21:30:45+0200 INFO Generating grub stub config for drive  35b8e9ca-44e1-40df-866f-94b62b8533e3
GRUB_DIR= /grub2
EFI_HOME= /boot/efi/EFI/redhat

2026-03-29T21:34:59+0200 INFO --- logging initialized ---
2026-03-29T21:45:49+0200 INFO --- logging initialized ---
2026-03-29T21:46:21+0200 INFO --- logging initialized ---
2026-03-29T21:46:44+0200 INFO --- logging initialized ---
2026-03-29T21:47:13+0200 INFO --- logging initialized ---
2026-03-29T21:47:48+0200 INFO --- logging initialized ---
2026-03-29T22:07:00+0200 INFO --- logging initialized ---
2026-03-29T22:07:03+0200 INFO --- logging initialized ---
2026-03-29T22:08:12+0200 INFO --- logging initialized ---
2026-03-29T22:09:02+0200 INFO --- logging initialized ---
2026-03-29T22:09:21+0200 INFO --- logging initialized ---
2026-03-29T22:09:49+0200 INFO --- logging initialized ---
2026-03-29T22:10:57+0200 INFO --- logging initialized ---
2026-03-29T22:11:12+0200 SUBDEBUG Installed: epel-release-9-10.el9.noarch
2026-03-29T22:11:12+0200 INFO Many EPEL packages require the CodeReady Builder (CRB) repository.
It is recommended that you run /usr/bin/crb enable to enable the CRB repository.

2026-03-29T22:11:12+0200 INFO --- logging initialized ---
2026-03-29T22:11:24+0200 INFO --- logging initialized ---
2026-03-29T22:11:38+0200 INFO --- logging initialized ---
2026-03-29T22:11:59+0200 SUBDEBUG Installed: rpmfusion-free-release-9-1.noarch
2026-03-29T22:12:03+0200 INFO --- logging initialized ---
2026-03-29T22:13:17+0200 INFO --- logging initialized ---
2026-03-29T22:29:04+0200 INFO --- logging initialized ---
2026-03-29T22:33:59+0200 INFO --- logging initialized ---
2026-03-29T22:34:10+0200 INFO --- logging initialized ---
2026-03-29T22:34:19+0200 SUBDEBUG Erase: rpmfusion-free-release-9-1.noarch
2026-03-29T22:34:29+0200 INFO --- logging initialized ---
2026-03-29T22:34:33+0200 SUBDEBUG Erase: epel-release-9-10.el9.noarch
2026-03-29T22:34:45+0200 INFO --- logging initialized ---
2026-03-29T22:35:06+0200 INFO --- logging initialized ---
2026-03-29T22:35:15+0200 SUBDEBUG Erase: gnome-software-45.3-3.el9.x86_64
2026-03-29T22:35:15+0200 SUBDEBUG Erase: flatpak-1.12.9-4.el9_6.x86_64
2026-03-29T22:35:15+0200 SUBDEBUG Erase: flatpak-libs-1.12.9-4.el9_6.x86_64
2026-03-29T22:35:15+0200 SUBDEBUG Erase: ostree-2025.6-2.el9_7.x86_64
2026-03-29T22:35:15+0200 INFO Removed "/etc/systemd/system/local-fs.target.wants/ostree-remount.service".

2026-03-29T22:35:15+0200 SUBDEBUG Erase: composefs-1.0.8-1.el9.x86_64
2026-03-29T22:35:15+0200 SUBDEBUG Erase: ostree-libs-2025.6-2.el9_7.x86_64
2026-03-29T22:35:15+0200 SUBDEBUG Erase: libadwaita-1.4.2-2.el9.x86_64
2026-03-29T22:35:15+0200 SUBDEBUG Erase: flatpak-selinux-1.12.9-4.el9_6.noarch
2026-03-29T22:35:16+0200 SUBDEBUG Erase: appstream-0.16.1-1.el9.x86_64
2026-03-29T22:35:16+0200 SUBDEBUG Erase: appstream-data-1:9-20240827.el9.noarch
2026-03-29T22:35:16+0200 SUBDEBUG Erase: composefs-libs-1.0.8-1.el9.x86_64
2026-03-29T22:35:16+0200 SUBDEBUG Erase: flatpak-session-helper-1.12.9-4.el9_6.x86_64
2026-03-29T22:35:16+0200 SUBDEBUG Erase: p11-kit-server-0.25.3-3.el9_5.x86_64
2026-03-29T22:35:25+0200 INFO --- logging initialized ---
2026-03-29T22:38:02+0200 INFO --- logging initialized ---
2026-03-29T23:51:08+0200 INFO --- logging initialized ---
2026-03-30T01:19:08+0200 INFO --- logging initialized ---
2026-03-30T02:59:32+0200 INFO --- logging initialized ---
2026-03-30T04:05:08+0200 INFO --- logging initialized ---
2026-03-30T05:58:08+0200 INFO --- logging initialized ---
2026-03-30T07:25:08+0200 INFO --- logging initialized ---
2026-03-30T09:26:08+0200 INFO --- logging initialized ---
2026-03-30T11:06:08+0200 INFO --- logging initialized ---
2026-03-30T13:01:01+0200 INFO --- logging initialized ---
2026-03-30T14:30:08+0200 INFO --- logging initialized ---
2026-03-30T15:42:08+0200 INFO --- logging initialized ---
2026-03-30T17:16:08+0200 INFO --- logging initialized ---
2026-03-30T18:26:08+0200 INFO --- logging initialized ---
2026-03-30T20:23:08+0200 INFO --- logging initialized ---
2026-03-30T22:14:08+0200 INFO --- logging initialized ---
2026-03-30T23:18:08+0200 INFO --- logging initialized ---
2026-03-31T00:44:32+0200 INFO --- logging initialized ---
2026-03-31T01:46:08+0200 INFO --- logging initialized ---
2026-03-31T02:49:08+0200 INFO --- logging initialized ---
2026-03-31T04:18:08+0200 INFO --- logging initialized ---
2026-03-31T06:14:08+0200 INFO --- logging initialized ---
2026-03-31T07:59:08+0200 INFO --- logging initialized ---
2026-03-31T09:24:08+0200 INFO --- logging initialized ---
2026-03-31T10:27:08+0200 INFO --- logging initialized ---
2026-03-31T10:45:11+0200 INFO --- logging initialized ---
2026-03-31T10:45:23+0200 SUBDEBUG Installed: flatpak-session-helper-1.12.9-4.el9_6.x86_64
2026-03-31T10:45:23+0200 SUBDEBUG Installed: flatpak-selinux-1.12.9-4.el9_6.noarch
2026-03-31T10:45:30+0200 SUBDEBUG Installed: composefs-libs-1.0.8-1.el9.x86_64
2026-03-31T10:45:30+0200 SUBDEBUG Installed: ostree-libs-2025.6-2.el9_7.x86_64
2026-03-31T10:45:30+0200 SUBDEBUG Installed: p11-kit-server-0.25.3-3.el9_5.x86_64
2026-03-31T10:45:30+0200 SUBDEBUG Installed: flatpak-1.12.9-4.el9_6.x86_64
2026-03-31T10:54:12+0200 INFO --- logging initialized ---
2026-03-31T11:11:25+0200 INFO --- logging initialized ---
2026-03-31T11:12:16+0200 INFO --- logging initialized ---
2026-03-31T11:18:04+0200 INFO --- logging initialized ---
2026-03-31T11:18:53+0200 INFO --- logging initialized ---
2026-03-31T11:18:55+0200 INFO --- logging initialized ---
2026-03-31T11:21:33+0200 INFO --- logging initialized ---
2026-03-31T11:21:54+0200 SUBDEBUG Installed: epel-release-9-10.el9.noarch
2026-03-31T11:21:54+0200 INFO Many EPEL packages require the CodeReady Builder (CRB) repository.
It is recommended that you run /usr/bin/crb enable to enable the CRB repository.

2026-03-31T11:21:58+0200 INFO --- logging initialized ---
2026-03-31T11:22:18+0200 INFO --- logging initialized ---
2026-03-31T11:22:26+0200 SUBDEBUG Installed: rpmfusion-free-release-9-1.noarch
2026-03-31T11:22:27+0200 INFO --- logging initialized ---
2026-03-31T11:22:39+0200 SUBDEBUG Installed: rpmfusion-nonfree-release-9-1.noarch
2026-03-31T11:22:49+0200 INFO --- logging initialized ---
2026-03-31T11:24:36+0200 INFO --- logging initialized ---
2026-03-31T11:25:06+0200 INFO --- logging initialized ---
2026-03-31T11:36:29+0200 INFO --- logging initialized ---
2026-03-31T11:37:14+0200 INFO --- logging initialized ---
2026-03-31T11:37:20+0200 SUBDEBUG Installed: gnome-extensions-app-40.0-3.el9.x86_64
2026-03-31T11:54:49+0200 INFO --- logging initialized ---
2026-03-31T11:55:14+0200 SUBDEBUG Installed: kernel-modules-core-5.14.0-611.45.1.el9_7.x86_64
2026-03-31T11:55:16+0200 SUBDEBUG Installed: kernel-core-5.14.0-611.45.1.el9_7.x86_64
2026-03-31T11:55:23+0200 SUBDEBUG Installed: kernel-modules-5.14.0-611.45.1.el9_7.x86_64
2026-03-31T11:55:29+0200 SUBDEBUG Upgrade: kernel-tools-libs-5.14.0-611.45.1.el9_7.x86_64
2026-03-31T11:55:29+0200 SUBDEBUG Upgrade: kernel-tools-5.14.0-611.45.1.el9_7.x86_64
2026-03-31T11:55:29+0200 SUBDEBUG Installed: kernel-5.14.0-611.45.1.el9_7.x86_64
2026-03-31T11:55:29+0200 SUBDEBUG Upgrade: python3-perf-5.14.0-611.45.1.el9_7.x86_64
2026-03-31T11:55:29+0200 SUBDEBUG Erase: kernel-5.14.0-611.5.1.el9_7.x86_64
2026-03-31T11:55:29+0200 SUBDEBUG Erase: kernel-modules-5.14.0-611.5.1.el9_7.x86_64
2026-03-31T11:55:32+0200 SUBDEBUG Upgraded: kernel-tools-5.14.0-611.42.1.el9_7.x86_64
2026-03-31T11:55:32+0200 SUBDEBUG Erase: kernel-modules-core-5.14.0-611.5.1.el9_7.x86_64
2026-03-31T11:55:33+0200 SUBDEBUG Erase: kernel-core-5.14.0-611.5.1.el9_7.x86_64
2026-03-31T11:55:39+0200 SUBDEBUG Upgraded: kernel-tools-libs-5.14.0-611.42.1.el9_7.x86_64
2026-03-31T11:55:39+0200 SUBDEBUG Upgraded: python3-perf-5.14.0-611.42.1.el9_7.x86_64
2026-03-31T11:55:58+0200 INFO --- logging initialized ---
2026-04-05T16:33:31+0200 INFO --- logging initialized ---
2026-04-05T16:59:02+0200 INFO --- logging initialized ---
2026-04-05T17:42:42+0200 INFO --- logging initialized ---
2026-04-05T18:59:28+0200 INFO --- logging initialized ---
2026-04-05T20:17:26+0200 INFO --- logging initialized ---
2026-04-05T21:40:41+0200 INFO --- logging initialized ---
2026-04-05T22:45:42+0200 INFO --- logging initialized ---
2026-04-06T21:46:01+0200 INFO --- logging initialized ---
2026-04-06T22:55:01+0200 INFO --- logging initialized ---
2026-04-08T20:45:00+0200 INFO --- logging initialized ---
2026-04-08T22:49:05+0200 INFO --- logging initialized ---
