22:36:25,260 INF core.configuration.product: Loading information about products from /etc/anaconda/product.d.
22:36:25,261 INF core.configuration.product: Found Red Hat Enterprise Linux at /etc/anaconda/product.d/rhel.conf.
22:36:25,261 INF core.configuration.product: Found CentOS Stream at /etc/anaconda/product.d/centos-stream.conf.
22:36:25,261 INF core.configuration.product: Found Fedora Silverblue at /etc/anaconda/product.d/fedora-silverblue.conf.
22:36:25,262 INF core.configuration.product: Found oVirt Node Next at /etc/anaconda/product.d/ovirt.conf.
22:36:25,262 INF core.configuration.product: Found Fedora at /etc/anaconda/product.d/fedora.conf.
22:36:25,262 INF core.configuration.product: Found Circle Linux at /etc/anaconda/product.d/circle.conf.
22:36:25,262 INF core.configuration.product: Found Scientific Linux at /etc/anaconda/product.d/scientific-linux.conf.
22:36:25,263 INF core.configuration.product: Found CentOS Linux at /etc/anaconda/product.d/centos.conf.
22:36:25,263 INF core.configuration.product: Found Rocky Linux at /etc/anaconda/product.d/rocky.conf.
22:36:25,263 INF core.configuration.product: Found AlmaLinux at /etc/anaconda/product.d/almalinux.conf.
22:36:25,263 INF core.configuration.product: Found Fedora-ELN at /etc/anaconda/product.d/fedora-eln.conf.
22:36:25,264 INF core.configuration.product: Found RHVH at /etc/anaconda/product.d/rhvh.conf.
22:36:25,264 INF core.configuration.product: Found Fedora-IoT IoT at /etc/anaconda/product.d/fedora-iot.conf.
22:36:25,264 INF core.configuration.product: Found Virtuozzo Linux at /etc/anaconda/product.d/virtuozzo-linux.conf.
22:36:25,264 INF core.configuration.product: Found Fedora Server at /etc/anaconda/product.d/fedora-server.conf.
22:36:25,264 INF core.configuration.product: Found Fedora Workstation at /etc/anaconda/product.d/fedora-workstation.conf.
22:36:25,265 INF core.configuration.product: Found Fedora Workstation Live at /etc/anaconda/product.d/fedora-workstation-live.conf.
22:36:25,265 WRN core.configuration.product: No support for the product Red Hat Enterprise Linux BaseOS.
22:36:25,265 INF core.configuration.product: The product Red Hat Enterprise Linux is supported.
22:36:25,267 INF main: /sbin/anaconda 34.25.7.6-1.el9
22:36:25,285 INF core.util: Reporting the IPMI event: 7
22:36:25,409 INF isys: 4102500 kB (4006 MB) are available
22:36:25,410 WRN misc: /usr/lib64/python3.9/subprocess.py:941: RuntimeWarning: line buffering (buffering=1) isn't supported in binary mode, the default buffer size will be used
  self.stdout = io.open(c2pread, 'rb', bufsize)

22:36:25,422 INF startup_utils: check_memory(): total:4006, needed:320, graphical:410
22:36:25,423 DBG startup_utils: Don't set up proxy variables.
22:36:25,430 INF main: anaconda called with cmdline = ['/sbin/anaconda']
22:36:25,431 INF main: Default encoding = utf-8 
22:36:25,431 INF misc: Writing a temporary configuration loaded from: ['/etc/anaconda/anaconda.conf', '/etc/anaconda/product.d/rhel.conf', '/etc/anaconda/conf.d/00-do-nothing.conf', '/etc/anaconda/conf.d/01-still-do-nothing.conf']
22:36:25,457 INF core.dbus: Connecting to the Anaconda bus at unix:abstract=/tmp/dbus-8Xk02cwVdp,guid=d791dc04a415cc500c5f5a2b69af4b69.
22:36:30,671 INF main: Found a kickstart file: /usr/share/anaconda/interactive-defaults.ks
22:36:30,708 INF startup_utils: Parsing kickstart: /usr/share/anaconda/interactive-defaults.ks
22:36:30,782 DBG pwpolicy: Using the password policy from the configuration.
22:36:30,898 DBG modules.payloads.payload.dnf.dnf_manager: The DNF base has been reset.
22:36:30,958 DBG modules.payloads.payload.dnf.utils: Release version of Red Hat Enterprise Linux is 9.7.
22:36:30,961 DBG modules.payloads.payload.dnf.dnf_manager: The DNF base has been created.
22:36:30,982 DBG modules.payloads.payload.dnf.dnf_manager: DNF configuration:
[main]
allow_vendor_change = 1
assumeno = 0
assumeyes = 0
autocheck_running_kernel = 1
bandwidth = 0
best = 1
bugtracker_url = https://bugzilla.redhat.com/enter_bug.cgi?product=Fedora&component=dnf
cachedir = /tmp/dnf.cache
cacheonly = 0
check_config_file_age = 1
clean_requirements_on_remove = 1
color = auto
color_list_available_downgrade = magenta
color_list_available_install = bold,cyan
color_list_available_reinstall = bold,underline,green
color_list_available_upgrade = bold,blue
color_list_installed_extra = bold,red
color_list_installed_newer = bold,yellow
color_list_installed_older = yellow
color_list_installed_reinstall = cyan
color_search_match = bold,magenta
color_update_installed = red
color_update_local = green
color_update_remote = bold,green
config_file_path = /etc/dnf/dnf.conf
countme = 0
debug_solver = 0
debuglevel = 2
defaultyes = 0
deltarpm = 1
deltarpm_percentage = 75
disable_excludes = 
diskspacecheck = 1
enabled = 1
enablegroups = 1
errorlevel = 3
exclude = 
exclude_from_weak = 
exclude_from_weak_autodetect = 1
excludepkgs = 
exit_on_lock = 0
fastestmirror = 0
gpgcheck = 0
gpgkey_dns_verification = 0
group_package_types = mandatory, default, conditional
history_list_view = commands
history_record = 1
history_record_packages = dnf, rpm
ignorearch = 0
includepkgs = 
install_weak_deps = 1
installonly_limit = 3
installonlypkgs = kernel, kernel-PAE, installonlypkg(kernel), installonlypkg(kernel-module), installonlypkg(vm), multiversion(kernel)
installroot = /mnt/sysroot
ip_resolve = whatever
keepcache = 0
localpkg_gpgcheck = 0
log_compress = 0
log_rotate = 4
log_size = 1048576
logdir = /tmp/
logfilelevel = 9
max_downloads_per_mirror = 3
max_parallel_downloads = 3
metadata_expire = 172800
metadata_timer_sync = 10800
minrate = 1000
module_obsoletes = 0
module_platform_id = platform:el9
module_stream_switch = 0
multilib_policy = best
obsoletes = 1
password = 
persistdir = /mnt/sysroot/var/lib/dnf
persistence = auto
pluginconfpath = /tmp/dnf.pluginconf
pluginpath = /usr/lib/python3.9/site-packages/dnf-plugins
plugins = 1
protect_running_kernel = 1
protected_packages = dnf, setup, dnf, systemd, systemd-udev, grub2-tools-minimal, redhat-release
proxy = 
proxy_auth_method = any
proxy_password = 
proxy_sslcacert = 
proxy_sslclientcert = 
proxy_sslclientkey = 
proxy_sslverify = 1
proxy_username = 
recent = 7
repo_gpgcheck = 0
reposdir = /etc/yum.repos.d, /etc/anaconda.repos.d
reset_nice = 1
retries = 10
rpmverbosity = info
showdupesfromrepos = 0
skip_broken = 0
skip_if_unavailable = 0
sslcacert = 
sslclientcert = 
sslclientkey = 
sslverify = 1
sslverifystatus = 0
strict = 1
system_cachedir = /var/cache/dnf
throttle = 0
timeout = 30
transformdb = 1
tsflags = 
upgrade_group_objects_upgrade = 1
user_agent = libdnf (Red Hat Enterprise Linux 9.7; generic; Linux.x86_64)
username = 
usr_drift_protected_paths = 
varsdir = /etc/yum/vars, /etc/dnf/vars
zchunk = 1

22:36:30,998 DBG modules.payloads.payload.dnf.dnf_manager: The DNF base has been reset.
22:36:31,001 DBG modules.payloads.payload.dnf.utils: Release version of Red Hat Enterprise Linux is 9.7.
22:36:31,001 DBG modules.payloads.payload.dnf.dnf_manager: The DNF base has been created.
22:36:31,005 DBG modules.payloads.payload.dnf.dnf_manager: DNF configuration:
[main]
allow_vendor_change = 1
assumeno = 0
assumeyes = 0
autocheck_running_kernel = 1
bandwidth = 0
best = 1
bugtracker_url = https://bugzilla.redhat.com/enter_bug.cgi?product=Fedora&component=dnf
cachedir = /tmp/dnf.cache
cacheonly = 0
check_config_file_age = 1
clean_requirements_on_remove = 1
color = auto
color_list_available_downgrade = magenta
color_list_available_install = bold,cyan
color_list_available_reinstall = bold,underline,green
color_list_available_upgrade = bold,blue
color_list_installed_extra = bold,red
color_list_installed_newer = bold,yellow
color_list_installed_older = yellow
color_list_installed_reinstall = cyan
color_search_match = bold,magenta
color_update_installed = red
color_update_local = green
color_update_remote = bold,green
config_file_path = /etc/dnf/dnf.conf
countme = 0
debug_solver = 0
debuglevel = 2
defaultyes = 0
deltarpm = 1
deltarpm_percentage = 75
disable_excludes = 
diskspacecheck = 1
enabled = 1
enablegroups = 1
errorlevel = 3
exclude = 
exclude_from_weak = 
exclude_from_weak_autodetect = 1
excludepkgs = 
exit_on_lock = 0
fastestmirror = 0
gpgcheck = 0
gpgkey_dns_verification = 0
group_package_types = mandatory, default, conditional
history_list_view = commands
history_record = 1
history_record_packages = dnf, rpm
ignorearch = 0
includepkgs = 
install_weak_deps = 1
installonly_limit = 3
installonlypkgs = kernel, kernel-PAE, installonlypkg(kernel), installonlypkg(kernel-module), installonlypkg(vm), multiversion(kernel)
installroot = /mnt/sysroot
ip_resolve = whatever
keepcache = 0
localpkg_gpgcheck = 0
log_compress = 0
log_rotate = 4
log_size = 1048576
logdir = /tmp/
logfilelevel = 9
max_downloads_per_mirror = 3
max_parallel_downloads = 3
metadata_expire = 172800
metadata_timer_sync = 10800
minrate = 1000
module_obsoletes = 0
module_platform_id = platform:el9
module_stream_switch = 0
multilib_policy = best
obsoletes = 1
password = 
persistdir = /mnt/sysroot/var/lib/dnf
persistence = auto
pluginconfpath = /tmp/dnf.pluginconf
pluginpath = /usr/lib/python3.9/site-packages/dnf-plugins
plugins = 1
protect_running_kernel = 1
protected_packages = dnf, setup, dnf, systemd, systemd-udev, grub2-tools-minimal, redhat-release
proxy = 
proxy_auth_method = any
proxy_password = 
proxy_sslcacert = 
proxy_sslclientcert = 
proxy_sslclientkey = 
proxy_sslverify = 1
proxy_username = 
recent = 7
repo_gpgcheck = 0
reposdir = /etc/yum.repos.d, /etc/anaconda.repos.d
reset_nice = 1
retries = 10
rpmverbosity = info
showdupesfromrepos = 0
skip_broken = 0
skip_if_unavailable = 0
sslcacert = 
sslclientcert = 
sslclientkey = 
sslverify = 1
sslverifystatus = 0
strict = 1
system_cachedir = /var/cache/dnf
throttle = 0
timeout = 30
transformdb = 1
tsflags = 
upgrade_group_objects_upgrade = 1
user_agent = libdnf (Red Hat Enterprise Linux 9.7; generic; Linux.x86_64)
username = 
usr_drift_protected_paths = 
varsdir = /etc/yum/vars, /etc/dnf/vars
zchunk = 1

22:36:31,018 DBG localization: setting locale to: en_US.UTF-8
22:36:31,030 DBG network: Initialization started.
22:36:31,034 DBG network: Devices found: ['ens160']
22:36:31,036 DBG network: Running task Apply kickstart
22:36:32,047 DBG network: Apply kickstart result: []
22:36:32,056 DBG network: Running task Dump missing config files
22:36:33,064 DBG network: Dump missing config files result: ['ens160']
22:36:33,065 DBG network: Creating network configurations.
22:36:33,068 DBG network: Initialization finished.
22:36:33,068 INF threading: Running Thread: AnaWaitForConnectingNMThread (139999232587328)
22:36:33,069 DBG anaconda: setting display mode to GUI
22:36:33,076 INF anaconda: Display mode is set to 'interactive graphical mode'.
22:36:33,077 INF isys: 4102500 kB (4006 MB) are available
22:36:33,077 WRN misc: /usr/lib64/python3.9/subprocess.py:941: RuntimeWarning: line buffering (buffering=1) isn't supported in binary mode, the default buffer size will be used
  self.stdout = io.open(c2pread, 'rb', bufsize)

22:36:33,083 INF network: got 0 NTP servers from DHCP
22:36:33,084 INF startup_utils: check_memory(): total:4006, needed:320, graphical:410
22:36:33,084 DBG core.util: Setting timeout 60 seconds for starting X.
22:36:33,090 INF threading: Thread Done: AnaWaitForConnectingNMThread (139999232587328)
22:36:35,549 DBG core.util: X server has signalled a successful start.
22:36:35,656 INF display: Started spice-vdagent.
22:36:36,344 DBG ui.lib.addons: Loading spokes into module path for addon org_fedora_oscap
22:36:36,345 DBG ui.lib.addons: Loading spokes into module path for addon com_redhat_kdump
22:36:36,486 DBG core.storage: LABEL=OEMDRV matches [] for devicetree=None and disks_only=True
22:36:36,494 INF threading: Running Thread: AnaStorageThread (139999232587328)
22:36:36,496 INF threading: Running Thread: AnaTimeInitThread (139998691063360)
22:36:36,522 DBG payload.manager: Restarting payload thread
22:36:36,522 INF threading: Running Thread: AnaPayloadRestartThread (139998682670656)
22:36:36,522 INF startup_utils: Geolocation is enabled.
22:36:36,523 DBG startup_utils: Geoloc: should be used: True
22:36:36,528 INF threading: Running Thread: AnaPayloadThread (139998674277952)
22:36:36,528 DBG payload.manager: Updating payload thread state: STARTED
22:36:36,529 DBG payload.manager: Updating payload thread state: WAITING_STORAGE
22:36:37,125 INF startup_utils: Geoloc: using timezone determined by geolocation
22:36:37,130 DBG localization: setting locale to: nl_BE.UTF-8
22:36:37,155 WRN misc: /usr/lib64/python3.9/site-packages/pyanaconda/core/util.py:1256: DeprecationWarning: the imp module is deprecated in favour of importlib; see the module's documentation for alternative uses
  import imp

22:36:37,610 INF threading: Thread Done: AnaStorageThread (139999232587328)
22:36:37,611 DBG payload.manager: Updating payload thread state: WAITING_NETWORK
22:36:37,611 DBG payload.manager: Updating payload thread state: DOWNLOADING_PKG_METADATA
22:36:37,638 DBG modules.payloads.payload.dnf.dnf_manager: The DNF cache has been cleared.
22:36:37,741 DBG ui.gui: Detected primary monitor: 1280x800 95dpix 95dpiy
22:36:38,223 DBG localization: setting locale to: nl_BE.UTF-8
22:36:38,241 DBG localization: setting locale to: nl_NL.UTF-8
22:36:38,260 DBG localization: setting locale to: nl_BE.UTF-8
22:36:38,285 DBG ui.common: Entered spoke: WelcomeLanguageSpoke
22:36:38,286 WRN misc: /usr/lib/python3.9/site-packages/gi/overrides/Gdk.py:329: DeprecationWarning: Gdk.Cursor.new is deprecated
  return cls.new(*args, **kwds)

22:36:38,001 INF threading: Thread Done: AnaTimeInitThread (139998691063360)
22:36:38,587 DBG payload.manager: Updating payload thread state: DOWNLOADING_GROUP_METADATA
22:36:40,160 DBG payload.manager: Updating payload thread state: FINISHED
22:36:40,160 INF threading: Thread Done: AnaPayloadThread (139998674277952)
22:36:40,160 DBG payload.manager: Updating payload thread state: PAYLOAD_THREAD_TERMINATED
22:36:40,161 INF threading: Thread Done: AnaPayloadRestartThread (139998682670656)
21:36:53,181 DBG localization: setting locale to: fr_FR.UTF-8
21:36:53,784 DBG localization: setting locale to: en_US.UTF-8
21:37:00,193 DBG core.util: This system doesn't support TAINT_HARDWARE_UNSUPPORTED.
21:37:00,194 DBG core.util: This system doesn't support TAINT_SUPPORT_REMOVED.
21:37:00,196 DBG localization: setting locale to: en_US.UTF-8
21:37:00,270 DBG ui.gui.spokes.network: network standalone spoke (init): completed: ['ens160', 'lo']
21:37:00,273 DBG ui.common: Left spoke: WelcomeLanguageSpoke
21:37:00,280 INF lifecycle: Adding controller: SummaryHub
21:37:00,516 INF threading: Running Thread: AnaAddLayoutsInitThread (139999150147136)
21:37:00,659 DBG ui.gui.utils: Starting applying <bound method AddLayoutDialog._addLayout of <pyanaconda.ui.gui.spokes.keyboard.AddLayoutDialog object at 0x7f5403fe88e0>> on <list object at 0x7f541c720140>
21:37:00,663 INF threading: Running Thread: AnaGtkBatchPre1 (139998141605440)
21:37:00,665 INF threading: Thread Done: AnaGtkBatchPre1 (139998141605440)
21:37:00,666 INF threading: Running Thread: AnaKeyboardThread (139998141605440)
21:37:00,693 INF lifecycle: Module initialized: LangsupportSpoke
21:37:00,813 INF threading: Running Thread: AnaDateTimeThread (139998674277952)
21:37:00,872 DBG ui.gui.spokes.lib.subscription: Subscription GUI: populating attached subscriptions listbox
21:37:00,872 DBG ui.gui.spokes.lib.subscription: Subscription GUI: attached subscriptions listbox has been populated
21:37:00,872 INF threading: Running Thread: AnaSubscriptionSpokeInitThread (139998296786496)
21:37:01,903 INF threading: Running Thread: AnaSourceWatcher (139998691063360)
21:37:01,933 INF threading: Running Thread: AnaSoftwareWatcher (139998682670656)
21:37:02,127 DBG ui.gui.spokes.software_selection: Setting new software selection: PackagesConfigurationData(broken_ignored=False, core_group_enabled=True, default_environment_enabled=False, docs_excluded=False, environment='graphical-server-environment', excluded_groups=[], excluded_packages=[], groups=[], groups_package_types={}, languages='all', missing_ignored=False, multilib_policy='best', packages=[], retries=-1, timeout=-1, weakdeps_excluded=False)
21:37:02,131 INF threading: Running Thread: AnaCheckSoftwareThread (139998645241408)
21:37:02,136 INF modules.payloads.payload.dnf.utils: selected environment: graphical-server-environment
21:37:02,136 INF modules.payloads.payload.dnf.utils: selected group: core
21:37:02,137 INF modules.payloads.payload.dnf.utils: kernel: selected kernel
21:37:02,137 DBG modules.payloads.payload.dnf.requirements: Applying requirements: []
21:37:02,137 DBG modules.payloads.payload.dnf.dnf_manager: Transaction include list:
['@graphical-server-environment', '@core', 'kernel']
21:37:02,137 DBG modules.payloads.payload.dnf.dnf_manager: Transaction exclude list:
[]
21:37:02,195 DBG ui.gui.hubs: incomplete spokes: [SoftwareSelectionSpoke]
21:37:02,318 INF threading: Running Thread: AnaStorageWatcher (139998531679808)
21:37:02,320 DBG ui.gui.hubs: incomplete spokes: [SoftwareSelectionSpoke, StorageSpoke]
21:37:02,348 INF lifecycle: Module initialized: CustomPartitioningSpoke
21:37:02,367 DBG ui.lib.storage: Selecting one or less disks by default: nvme0n1
21:37:02,367 INF lifecycle: Module initialized: StorageSpoke
21:37:02,367 INF threading: Thread Done: AnaStorageWatcher (139998531679808)
21:37:02,397 INF lifecycle: Module initialized: FilterSpoke
21:37:02,409 WRN misc: /usr/share/anaconda/addons/com_redhat_kdump/gui/spokes/kdump.py:92: PyGTKDeprecationWarning: Using positional arguments with the GObject constructor has been deprecated. Please specify keyword(s) for "value, lower, upper, step_increment, page_increment, page_size" or use a class specific constructor. See: https://wiki.gnome.org/PyGObject/InitializerDeprecations
  adjustment = Gtk.Adjustment(lower, lower, upper, step, step, 0)

21:37:02,423 DBG modules.payloads.payload.dnf.dnf_manager: Space required for packages: 4.01 GiB
21:37:02,423 DBG modules.payloads.payload.dnf.dnf_manager: Space required for installed files: 909.93 MiB
21:37:02,424 DBG modules.payloads.payload.dnf.dnf_manager: Total required size: 5.39 GiB
21:37:02,438 DBG ui.gui.spokes.network: adding device configuration: NetworkDeviceConfiguration(connection_uuid='5246216e-8cfd-379f-85ca-8a81e95c6cc8', device_name='ens160', device_type=1)
21:37:02,444 INF lifecycle: Module initialized: NetworkSpoke
21:37:02,454 DBG modules.payloads.payload.dnf.dnf_manager: Total download size: 1.92 GiB
21:37:02,475 INF misc: OSCAP Addon: Defaulting to local content
21:37:02,479 INF threading: Thread Done: AnaCheckSoftwareThread (139998645241408)
21:37:02,480 INF lifecycle: Module initialized: SoftwareSelectionSpoke
21:37:02,480 INF threading: Thread Done: AnaSoftwareWatcher (139998682670656)
21:37:02,480 INF threading: Running Thread: OSCAPguiWaitForDataFetchThread (139998682670656)
21:37:02,482 INF misc: OSCAP Addon: started to look at the content
21:37:02,482 WRN misc: /usr/lib64/python3.9/subprocess.py:941: RuntimeWarning: line buffering (buffering=1) isn't supported in binary mode, the default buffer size will be used
  self.stdout = io.open(c2pread, 'rb', bufsize)

21:37:02,500 INF lifecycle: Module initialized: PasswordSpoke
21:37:02,505 DBG ui.gui.hubs: incomplete spokes: [SoftwareSelectionSpoke, StorageSpoke, PasswordSpoke]
21:37:02,535 INF lifecycle: Module initialized: UserSpoke
21:37:02,539 DBG ui.gui.hubs: incomplete spokes: [SoftwareSelectionSpoke, StorageSpoke, PasswordSpoke, UserSpoke]
21:37:02,540 INF lifecycle: Initialization of all modules (12) has been started.
21:37:02,542 DBG ui.gui.hubs: Starting event loop for hub SummaryHub
21:37:02,556 DBG ui.common: Entered hub: SummaryHub
21:37:02,636 DBG ui.gui.utils: Finished applying <bound method AddLayoutDialog._addLayout of <pyanaconda.ui.gui.spokes.keyboard.AddLayoutDialog object at 0x7f5403fe88e0>> on <list object at 0x7f541c720140>
21:37:02,636 INF threading: Thread Done: AnaAddLayoutsInitThread (139999150147136)
21:37:02,637 INF lifecycle: Module initialized: KeyboardSpoke
21:37:02,637 INF threading: Thread Done: AnaKeyboardThread (139998141605440)
22:37:02,000 INF isys: System time set to Mon Mar  9 21:37:02 2026 UTC
22:37:02,000 INF isys: System time set to Mon Mar  9 21:37:02 2026 UTC
22:37:02,000 INF isys: System time set to Mon Mar  9 21:37:02 2026 UTC
22:37:02,006 INF lifecycle: Module initialized: DatetimeSpoke
22:37:02,006 INF threading: Thread Done: AnaDateTimeThread (139998674277952)
22:37:02,012 DBG ui.gui.hubs: spoke is not ready: KeyboardSpoke
22:37:02,012 DBG ui.gui.hubs: setting KeyboardSpoke status to: Getting list of layouts...
22:37:02,024 DBG ui.gui.hubs: incomplete spokes: [StorageSpoke, PasswordSpoke, UserSpoke]
22:37:02,024 DBG ui.gui.hubs: spoke is not ready: SoftwareSelectionSpoke
22:37:02,041 DBG ui.gui.hubs: spoke is not ready: SourceSpoke
22:37:02,041 DBG ui.gui.hubs: setting SourceSpoke status to: Setting up installation source...
22:37:02,041 DBG ui.gui.hubs: setting SourceSpoke status to: Probing storage...
22:37:02,042 DBG ui.gui.hubs: setting SourceSpoke status to: Downloading package metadata...
22:37:02,042 DBG ui.gui.hubs: setting SourceSpoke status to: Downloading group metadata...
22:37:02,061 DBG ui.gui.hubs: spoke is ready: SoftwareSelectionSpoke
22:37:02,079 DBG ui.gui.hubs: spoke is ready: SourceSpoke
22:37:02,099 DBG ui.gui.hubs: spoke is ready: SourceSpoke
22:37:02,099 DBG ui.gui.hubs: setting SoftwareSelectionSpoke status to: Downloading package metadata...
22:37:02,099 DBG ui.gui.hubs: setting SoftwareSelectionSpoke status to: Downloading group metadata...
22:37:02,119 DBG ui.gui.hubs: spoke is not ready: SoftwareSelectionSpoke
22:37:02,141 DBG ui.gui.hubs: spoke is not ready: SourceSpoke
22:37:02,142 DBG ui.gui.hubs: setting SoftwareSelectionSpoke status to: Checking software dependencies...
22:37:02,142 DBG ui.gui.hubs: setting StorageSpoke status to: Probing storage...
22:37:02,142 DBG ui.gui.hubs: setting StorageSpoke status to: Probing storage...
22:37:02,150 DBG ui.gui.hubs: spoke is ready: StorageSpoke
22:37:02,165 DBG ui.gui.hubs: spoke is ready: SoftwareSelectionSpoke
22:37:02,185 DBG ui.gui.hubs: spoke is ready: SourceSpoke
22:37:02,200 DBG ui.gui.hubs: spoke is ready: SoftwareSelectionSpoke
22:37:02,200 DBG ui.gui.hubs: setting OSCAPSpoke status to: Fetching content data
22:37:02,201 DBG ui.gui.hubs: spoke is not ready: OSCAPSpoke
22:37:02,205 DBG ui.gui.hubs: spoke is ready: PasswordSpoke
22:37:02,210 DBG ui.gui.hubs: spoke is ready: KeyboardSpoke
22:37:02,215 DBG ui.gui.hubs: spoke is ready: DatetimeSpoke
22:37:02,244 DBG ui.gui.spokes.lib.subscription: Subscription GUI: populating attached subscriptions listbox
22:37:02,250 DBG ui.gui.spokes.lib.subscription: Subscription GUI: attached subscriptions listbox has been populated
22:37:02,251 INF lifecycle: Module initialized: SubscriptionSpoke
22:37:02,251 INF threading: Thread Done: AnaSubscriptionSpokeInitThread (139998296786496)
22:37:02,257 INF lifecycle: Module initialized: SourceSpoke
22:37:02,257 INF lifecycle: All modules have been initialized.
22:37:02,257 DBG misc: OSCAP addon: Anaconda init_done signal triggered
22:37:02,257 INF threading: Thread Done: AnaSourceWatcher (139998691063360)
22:37:02,263 DBG ui.gui.spokes.installation_source: Clearing checks in source spoke
22:37:02,263 DBG ui.gui.spokes.installation_source: Setting up repos: ['AppStream']
22:37:02,326 DBG ui.gui.hubs: spoke is ready: SubscriptionSpoke
22:37:02,350 DBG ui.gui.hubs: spoke is ready: SourceSpoke
22:37:03,827 INF misc: OSCAP addon: Identified /usr/share/xml/scap/ssg/content//ssg-rhel9-ds.xml as Source Data Stream
22:37:03,828 INF misc: OSCAP Addon: finished looking at the content
22:37:03,828 INF misc: OSCAP Addon: Opening SCAP content at /usr/share/xml/scap/ssg/content/ssg-rhel9-ds.xml without considering tailoring
22:37:04,354 INF misc: OSCAP Addon: Done with analysis
22:37:04,366 INF threading: Thread Done: OSCAPguiWaitForDataFetchThread (139998682670656)
22:37:04,447 DBG ui.gui.hubs: spoke is ready: OSCAPSpoke
22:37:04,448 DBG ui.gui.hubs: spoke is ready: OSCAPSpoke
22:37:04,448 DBG ui.gui.hubs: spoke is ready: OSCAPSpoke
22:37:53,632 DBG ui.common: Entered spoke: StorageSpoke
22:38:07,443 DBG modules.payloads.payload.dnf.dnf_manager: Space required for packages: 4.01 GiB
22:38:07,444 DBG modules.payloads.payload.dnf.dnf_manager: Space required for installed files: 909.93 MiB
22:38:07,445 DBG modules.payloads.payload.dnf.dnf_manager: Total required size: 5.39 GiB
22:38:07,454 DBG modules.payloads.payload.dnf.dnf_manager: Total download size: 1.92 GiB
22:38:07,472 INF core.storage: Detected 3.91 GiB of memory
22:38:07,472 INF core.storage: Swap attempt of 3.91 GiB
22:38:07,473 DBG ui.gui.spokes.storage: disk free: 75 GiB  fs free: 0 B  sw needs: 7.31 GiB  auto swap: 3.91 GiB
22:38:07,482 DBG ui.gui.spokes.storage: Running the execute method for the AUTOMATIC partitioning method.
22:38:07,483 INF threading: Running Thread: AnaExecuteStorageThread (139998682670656)
22:38:07,483 DBG ui.common: Left spoke: StorageSpoke
22:38:07,484 DBG ui.gui.spokes.storage: Saving storage configuration...
22:38:07,568 DBG ui.gui.hubs: spoke is not ready: StorageSpoke
22:38:07,568 DBG ui.gui.hubs: setting StorageSpoke status to: Saving storage configuration...
22:38:07,673 DBG ui.gui.hubs: spoke is not ready: KdumpSpoke
22:38:07,675 DBG ui.gui.hubs: spoke is ready: KdumpSpoke
22:38:08,494 DBG ui.gui.spokes.storage: Checking storage configuration...
22:38:08,577 DBG ui.gui.hubs: setting StorageSpoke status to: Checking storage configuration...
22:38:09,535 DBG ui.gui.spokes.storage: Partitioning has been applied: ValidationReport(error_messages=[], warning_messages=[])
22:38:09,535 INF threading: Thread Done: AnaExecuteStorageThread (139998682670656)
22:38:09,593 DBG ui.gui.hubs: incomplete spokes: [PasswordSpoke, UserSpoke]
22:38:09,594 DBG ui.gui.hubs: spoke is ready: StorageSpoke
22:38:09,596 DBG ui.gui.hubs: spoke is not ready: KdumpSpoke
22:38:09,599 DBG ui.gui.hubs: spoke is ready: KdumpSpoke
22:38:13,678 DBG ui.common: Entered spoke: PasswordSpoke
22:39:35,244 DBG ui.common: Left spoke: PasswordSpoke
22:39:35,322 DBG ui.gui.hubs: incomplete spokes: [UserSpoke]
22:39:35,326 DBG ui.gui.hubs: incomplete spokes: []
22:39:35,406 DBG modules.payloads.payload.dnf.dnf_manager: Space required for packages: 4.01 GiB
22:39:35,407 DBG modules.payloads.payload.dnf.dnf_manager: Space required for installed files: 909.93 MiB
22:39:35,407 DBG modules.payloads.payload.dnf.dnf_manager: Total required size: 5.39 GiB
22:39:35,413 DBG modules.payloads.payload.dnf.dnf_manager: Total download size: 1.92 GiB
22:39:35,433 INF ui.lib.space: fs space: 45.3 GiB  needed: 7.31 GiB
22:39:35,516 DBG modules.payloads.payload.dnf.dnf_manager: Space required for packages: 4.01 GiB
22:39:35,516 DBG modules.payloads.payload.dnf.dnf_manager: Space required for installed files: 909.93 MiB
22:39:35,516 DBG modules.payloads.payload.dnf.dnf_manager: Total required size: 5.39 GiB
22:39:35,523 DBG modules.payloads.payload.dnf.dnf_manager: Total download size: 1.92 GiB
22:39:35,540 INF ui.lib.space: fs space: 45.3 GiB  needed: 7.31 GiB
22:39:35,540 DBG ui.gui.hubs: spoke is ready: PasswordSpoke
22:39:37,514 DBG ui.common: Entered spoke: UserSpoke
22:41:09,712 DBG ui.common: Left spoke: UserSpoke
22:41:09,879 DBG modules.payloads.payload.dnf.dnf_manager: Space required for packages: 4.01 GiB
22:41:09,879 DBG modules.payloads.payload.dnf.dnf_manager: Space required for installed files: 909.93 MiB
22:41:09,880 DBG modules.payloads.payload.dnf.dnf_manager: Total required size: 5.39 GiB
22:41:09,887 DBG modules.payloads.payload.dnf.dnf_manager: Total download size: 1.92 GiB
22:41:09,906 INF ui.lib.space: fs space: 45.3 GiB  needed: 7.31 GiB
22:41:14,580 DBG ui.common: Entered spoke: KeyboardSpoke
22:41:34,456 WRN misc: /usr/lib/python3.9/site-packages/gi/overrides/GObject.py:493: Warning: ../gobject/gsignal.c:2732: instance '0x556df30d2310' has no handler with id '41404'
  return func(*args, **kwargs)

22:41:34,456 WRN misc: /usr/lib/python3.9/site-packages/gi/overrides/GObject.py:493: Warning: ../gobject/gsignal.c:2732: instance '0x556df30d2310' has no handler with id '41405'
  return func(*args, **kwargs)

22:42:39,825 WRN misc: /usr/lib/python3.9/site-packages/gi/overrides/GObject.py:493: Warning: ../gobject/gsignal.c:2732: instance '0x556df41856e0' has no handler with id '43226'
  return func(*args, **kwargs)

22:42:39,826 WRN misc: /usr/lib/python3.9/site-packages/gi/overrides/GObject.py:493: Warning: ../gobject/gsignal.c:2732: instance '0x556df41856e0' has no handler with id '43227'
  return func(*args, **kwargs)

22:42:50,199 DBG ui.common: Left spoke: KeyboardSpoke
22:42:50,384 DBG modules.payloads.payload.dnf.dnf_manager: Space required for packages: 4.01 GiB
22:42:50,384 DBG modules.payloads.payload.dnf.dnf_manager: Space required for installed files: 909.93 MiB
22:42:50,385 DBG modules.payloads.payload.dnf.dnf_manager: Total required size: 5.39 GiB
22:42:50,391 DBG modules.payloads.payload.dnf.dnf_manager: Total download size: 1.92 GiB
22:42:50,412 INF ui.lib.space: fs space: 45.3 GiB  needed: 7.31 GiB
22:43:05,700 DBG ui.gui.spokes.subscription: Subscription GUI: refresh() running
22:43:05,720 DBG ui.gui.spokes.lib.subscription: Subscription GUI: populating attached subscriptions listbox
22:43:05,720 DBG ui.gui.spokes.lib.subscription: Subscription GUI: attached subscriptions listbox has been populated
22:43:05,724 DBG ui.gui.spokes.subscription: Subscription GUI: clearing connectivity warning
22:43:05,736 DBG ui.common: Entered spoke: SubscriptionSpoke
22:46:01,057 DBG ui.gui.spokes.subscription: Subscription GUI: apply() running
22:46:01,061 DBG ui.gui.spokes.subscription: Subscription GUI: applying system purpose data to installation environment
22:46:01,074 DBG ui.common: Left spoke: SubscriptionSpoke
22:46:01,248 DBG modules.payloads.payload.dnf.dnf_manager: Space required for packages: 4.01 GiB
22:46:01,248 DBG modules.payloads.payload.dnf.dnf_manager: Space required for installed files: 909.93 MiB
22:46:01,248 DBG modules.payloads.payload.dnf.dnf_manager: Total required size: 5.39 GiB
22:46:01,255 DBG modules.payloads.payload.dnf.dnf_manager: Total download size: 1.92 GiB
22:46:01,275 INF ui.lib.space: fs space: 45.3 GiB  needed: 7.31 GiB
22:46:07,137 DBG ui.common: Left hub: SummaryHub
22:46:07,143 INF threading: Running Thread: AnaInstallThread (139998674277952)
22:46:07,144 DBG ui.gui.spokes.installation_progress: The installation has started.
22:46:07,146 DBG ui.common: Entered spoke: ProgressSpoke
22:46:07,298 INF installation: Top-level task queue: Complete installation queue
Number of task queues: 18
Number of tasks: 46
Task & task group listing:
 Task queue: Installation queue
  Task: Save system time to HW clock
  Task queue: Installation environment setup
  Task queue: Early storage configuration
   Task: Create storage layout
   Task: Mount filesystems
   Task: Write the storage configuration
  Task queue: Pre-install scripts
   Task: Run %pre-install scripts
  Task queue: Pre install tasks
   Task: Copy resolv.conf to sysroot
   Task: Discover information about a realm
   Task: Set up FIPS for the payload installation
   Task: Import CA certificates
   Task: Find additional packages & run pre_install()
  Task queue: Payload installation
   Task: Install the payload
  Task queue: Bootloader installation
   Task: Configure bootloader
   Task: Install bootloader
  Task queue: Post-installation setup tasks
   Task: Run post-installation setup tasks
 Task queue: Configuration queue
  Task queue: Certificates import
   Task: Import CA certificates
  Task queue: Subscription configuration
   Task: Restoring subscription manager defaults
   Task: Transfer subscription tokens to target system
   Task: Provisioning target system for Satellite
   Task: Connect the target system to Red Hat Insights
  Task queue: Installed system configuration
   Task: Configure SELinux
   Task: Configure fingerprint authentication
   Task: Authselect configuration
   Task: Authconfig configuration
   Task: Configure time zone
   Task: Configure NTP
   Task: Configure Initial Setup
   Task: Configure post-installation tools
   Task: Configure services
   Task: Configure systemd default target
   Task: Configure default desktop
   Task: Configure language
   Task: Configure keyboard
   Task: Configure firewall
  Task queue: Network configuration
   Task: Network configuration
  Task queue: User creation
   Task: Create groups
   Task: Create users
   Task: Configure root password
   Task: Set SSH keys
   Task: Configure optional root password SSH login
  Task queue: Anaconda addon configuration
   Task: Enable the kdump.service
  Task queue: Initramfs generation
   Task: Generate initramfs
  Task: Configure FIPS
  Task: Join a realm
  Task: Rerun zipl
  Task queue: Write configs and kickstarts
   Task: Store kickstarts
  Task queue: Post installation scripts
   Task: Run post installation scripts
22:46:07,299 INF installation: Queue started: Installation queue (1/18)
22:46:07,299 INF installation: Task started: Save system time to HW clock (1/46)
22:46:07,502 INF progress: Save system time to HW clock
22:46:07,502 DBG installation: Task completed: Save system time to HW clock (1/46) (0.2 s)
22:46:07,502 WRN installation_tasks: Attempting to start an empty task queue (Installation environment setup).
22:46:07,503 INF progress: Setting up the installation environment
22:46:07,503 INF installation: Queue started: Installation environment setup (2/18)
22:46:07,503 WRN installation_tasks: The task group Installation environment setup is empty.
22:46:07,503 INF progress: Configuring storage
22:46:07,503 INF installation: Queue started: Early storage configuration (3/18)
22:46:07,503 INF installation: Task started: Create storage layout (2/46)
22:46:07,598 INF progress: Creating disklabel on /dev/nvme0n1
22:46:08,108 INF progress: Creating xfs on /dev/nvme0n1p2
22:46:08,480 INF progress: Creating lvmpv on /dev/nvme0n1p3
22:46:08,845 INF progress: Creating swap on /dev/mapper/rhel_blocked-swap
22:46:08,986 INF progress: Creating xfs on /dev/mapper/rhel_blocked-home
22:46:09,148 INF progress: Creating xfs on /dev/mapper/rhel_blocked-root
22:46:09,207 INF progress: Creating efi on /dev/nvme0n1p1
22:46:09,518 INF progress: Create storage layout
22:46:09,518 DBG installation: Task completed: Create storage layout (2/46) (2.0 s)
22:46:09,518 INF installation: Task started: Mount filesystems (3/46)
22:46:12,533 INF progress: Mount filesystems
22:46:12,533 DBG installation: Task completed: Mount filesystems (3/46) (3.0 s)
22:46:12,533 INF installation: Task started: Write the storage configuration (4/46)
22:46:13,547 INF progress: Write the storage configuration
22:46:13,548 DBG installation: Task completed: Write the storage configuration (4/46) (1.0 s)
22:46:13,549 INF progress: Running pre-installation scripts
22:46:13,549 INF installation: Queue started: Pre-install scripts (4/18)
22:46:13,549 INF installation: Task started: Run %pre-install scripts (5/46)
22:46:13,550 INF progress: Run %pre-install scripts
22:46:13,550 DBG installation: Task completed: Run %pre-install scripts (5/46) (0.0 s)
22:46:13,551 INF progress: Running pre-installation tasks
22:46:13,551 INF installation: Queue started: Pre install tasks (5/18)
22:46:13,551 INF installation: Task started: Copy resolv.conf to sysroot (6/46)
22:46:13,552 INF progress: Copy resolv.conf to sysroot
22:46:13,552 DBG installation: Task completed: Copy resolv.conf to sysroot (6/46) (0.0 s)
22:46:13,553 INF installation: Task started: Discover information about a realm (7/46)
22:46:13,556 INF progress: Discover information about a realm
22:46:13,556 DBG installation: Task completed: Discover information about a realm (7/46) (0.0 s)
22:46:13,557 INF installation: Task started: Set up FIPS for the payload installation (8/46)
22:46:13,559 INF progress: Set up FIPS for the payload installation
22:46:13,559 DBG installation: Task completed: Set up FIPS for the payload installation (8/46) (0.0 s)
22:46:13,559 INF installation: Task started: Import CA certificates (9/46)
22:46:13,561 INF progress: Import CA certificates
22:46:13,561 DBG installation: Task completed: Import CA certificates (9/46) (0.0 s)
22:46:13,561 INF installation: Task started: Find additional packages & run pre_install() (10/46)
22:46:13,599 INF progress: Find additional packages & run pre_install()
22:46:13,600 DBG installation: Task completed: Find additional packages & run pre_install() (10/46) (0.0 s)
22:46:13,600 INF progress: Installing.
22:46:13,600 INF installation: Queue started: Payload installation (6/18)
22:46:13,600 INF installation: Task started: Install the payload (11/46)
22:46:13,600 INF progress: Starting package installation process
22:46:13,603 DBG modules.payloads.payload.dnf.installation: Set '__dbi_htconfig' to 'hash nofsync %{__dbi_other} %{__dbi_perms}'.
22:46:13,603 DBG modules.payloads.payload.dnf.installation: Set '__file_context_path' to '/etc/selinux/targeted/contexts/files/file_contexts'.
22:46:13,612 INF modules.payloads.payload.dnf.utils: selected environment: graphical-server-environment
22:46:13,612 INF modules.payloads.payload.dnf.utils: selected group: core
22:46:13,612 INF modules.payloads.payload.dnf.utils: kernel: selected kernel
22:46:13,613 DBG modules.payloads.payload.dnf.requirements: Applying requirements: [Requirement(name='authselect', reason='Needed by authselect kickstart command & for fingerprint authentication support.', type='package'), Requirement(name='xfsprogs', reason='Required to manage storage devices.', type='package'), Requirement(name='e2fsprogs', reason='Required to manage storage devices.', type='package'), Requirement(name='lvm2', reason='Required to manage storage devices.', type='package'), Requirement(name='nvme-cli', reason='Required to manage storage devices.', type='package'), Requirement(name='dosfstools', reason='Required to manage storage devices.', type='package'), Requirement(name='grub2-efi-x64', reason='Necessary for the bootloader configuration.', type='package'), Requirement(name='shim-x64', reason='Necessary for the bootloader configuration.', type='package'), Requirement(name='efibootmgr', reason='Necessary for the bootloader configuration.', type='package'), Requirement(name='grub2-tools', reason='Necessary for the bootloader configuration.', type='package'), Requirement(name='chrony', reason='Needed to run NTP service.', type='package'), Requirement(name='kexec-tools', reason='Required by kdump add-on.', type='package'), Requirement(name='langpacks-en', reason="Required to support the locale 'en_US.UTF-8'.", type='package'), Requirement(name='platform-vmware', reason='Required for the vmware platform.', type='group')]
22:46:13,613 DBG modules.payloads.payload.dnf.requirements: Requirement 'authselect' is applied. Reason: Needed by authselect kickstart command & for fingerprint authentication support.
22:46:13,613 DBG modules.payloads.payload.dnf.requirements: Requirement 'xfsprogs' is applied. Reason: Required to manage storage devices.
22:46:13,613 DBG modules.payloads.payload.dnf.requirements: Requirement 'e2fsprogs' is applied. Reason: Required to manage storage devices.
22:46:13,613 DBG modules.payloads.payload.dnf.requirements: Requirement 'lvm2' is applied. Reason: Required to manage storage devices.
22:46:13,613 DBG modules.payloads.payload.dnf.requirements: Requirement 'nvme-cli' is applied. Reason: Required to manage storage devices.
22:46:13,613 DBG modules.payloads.payload.dnf.requirements: Requirement 'dosfstools' is applied. Reason: Required to manage storage devices.
22:46:13,613 DBG modules.payloads.payload.dnf.requirements: Requirement 'grub2-efi-x64' is applied. Reason: Necessary for the bootloader configuration.
22:46:13,614 DBG modules.payloads.payload.dnf.requirements: Requirement 'shim-x64' is applied. Reason: Necessary for the bootloader configuration.
22:46:13,614 DBG modules.payloads.payload.dnf.requirements: Requirement 'efibootmgr' is applied. Reason: Necessary for the bootloader configuration.
22:46:13,614 DBG modules.payloads.payload.dnf.requirements: Requirement 'grub2-tools' is applied. Reason: Necessary for the bootloader configuration.
22:46:13,614 DBG modules.payloads.payload.dnf.requirements: Requirement 'chrony' is applied. Reason: Needed to run NTP service.
22:46:13,614 DBG modules.payloads.payload.dnf.requirements: Requirement 'kexec-tools' is applied. Reason: Required by kdump add-on.
22:46:13,614 DBG modules.payloads.payload.dnf.requirements: Requirement 'langpacks-en' is applied. Reason: Required to support the locale 'en_US.UTF-8'.
22:46:13,614 DBG modules.payloads.payload.dnf.requirements: Requirement '@platform-vmware' is applied. Reason: Required for the vmware platform.
22:46:13,614 DBG modules.payloads.payload.dnf.dnf_manager: Transaction include list:
['@graphical-server-environment', '@core', 'kernel', 'authselect', 'xfsprogs', 'e2fsprogs', 'lvm2', 'nvme-cli', 'dosfstools', 'grub2-efi-x64', 'shim-x64', 'efibootmgr', 'grub2-tools', 'chrony', 'kexec-tools', 'langpacks-en', '@platform-vmware']
22:46:13,614 DBG modules.payloads.payload.dnf.dnf_manager: Transaction exclude list:
[]
22:46:13,839 DBG modules.payloads.payload.dnf.dnf_manager: Space required for packages: 4.03 GiB
22:46:13,840 DBG modules.payloads.payload.dnf.dnf_manager: Space required for installed files: 913.45 MiB
22:46:13,840 DBG modules.payloads.payload.dnf.dnf_manager: Total required size: 5.41 GiB
22:46:13,848 DBG modules.payloads.payload.dnf.dnf_manager: Total download size: 1.92 GiB
22:46:13,870 DBG modules.payloads.payload.dnf.dnf_manager: Total download size: 1.92 GiB
22:46:13,951 DBG modules.payloads.payload.dnf.dnf_manager: Space required for packages: 4.03 GiB
22:46:13,951 DBG modules.payloads.payload.dnf.dnf_manager: Space required for installed files: 913.45 MiB
22:46:13,952 DBG modules.payloads.payload.dnf.dnf_manager: Total required size: 5.41 GiB
22:46:24,695 INF progress: Preparing transaction from installation source
22:54:27,372 INF progress: Install the payload
22:54:27,372 DBG installation: Task completed: Install the payload (11/46) (493.8 s)
22:54:27,372 INF progress: Installing boot loader
22:54:27,372 INF installation: Queue started: Bootloader installation (7/18)
22:54:27,373 INF installation: Task started: Configure bootloader (12/46)
22:54:28,428 INF progress: Configure bootloader
22:54:28,429 DBG installation: Task completed: Configure bootloader (12/46) (1.1 s)
22:54:28,429 INF installation: Task started: Install bootloader (13/46)
22:54:33,512 INF progress: Install bootloader
22:54:33,512 DBG installation: Task completed: Install bootloader (13/46) (5.1 s)
22:54:33,513 INF progress: Performing post-installation setup tasks
22:54:33,513 INF installation: Queue started: Post-installation setup tasks (8/18)
22:54:33,513 INF installation: Task started: Run post-installation setup tasks (14/46)
22:54:34,032 DBG modules.payloads.payload.dnf.installation: No GPG keys to import.
22:54:34,039 INF progress: Run post-installation setup tasks
22:54:34,040 DBG installation: Task completed: Run post-installation setup tasks (14/46) (0.5 s)
22:54:34,040 INF installation: Queue started: Configuration queue (9/18)
22:54:34,041 INF progress: Importing certificates
22:54:34,041 INF installation: Queue started: Certificates import (10/18)
22:54:34,041 INF installation: Task started: Import CA certificates (15/46)
22:54:34,044 INF progress: Import CA certificates
22:54:34,044 DBG installation: Task completed: Import CA certificates (15/46) (0.0 s)
22:54:34,045 INF progress: Configuring Red Hat subscription
22:54:34,045 INF installation: Queue started: Subscription configuration (11/18)
22:54:34,045 INF installation: Task started: Restoring subscription manager defaults (16/46)
22:54:35,056 INF progress: Restoring subscription manager defaults
22:54:35,057 DBG installation: Task completed: Restoring subscription manager defaults (16/46) (1.0 s)
22:54:35,057 INF installation: Task started: Transfer subscription tokens to target system (17/46)
22:54:36,067 INF progress: Transfer subscription tokens to target system
22:54:36,068 DBG installation: Task completed: Transfer subscription tokens to target system (17/46) (1.0 s)
22:54:36,068 INF installation: Task started: Provisioning target system for Satellite (18/46)
22:54:36,074 INF progress: Provisioning target system for Satellite
22:54:36,074 DBG installation: Task completed: Provisioning target system for Satellite (18/46) (0.0 s)
22:54:36,074 INF installation: Task started: Connect the target system to Red Hat Insights (19/46)
22:54:36,080 INF progress: Connect the target system to Red Hat Insights
22:54:36,080 DBG installation: Task completed: Connect the target system to Red Hat Insights (19/46) (0.0 s)
22:54:36,081 INF progress: Configuring installed system
22:54:36,081 INF installation: Queue started: Installed system configuration (12/18)
22:54:36,081 INF installation: Task started: Configure SELinux (20/46)
22:54:36,086 INF progress: Configure SELinux
22:54:36,086 DBG installation: Task completed: Configure SELinux (20/46) (0.0 s)
22:54:36,086 INF installation: Task started: Configure fingerprint authentication (21/46)
22:54:37,109 INF progress: Configure fingerprint authentication
22:54:37,109 DBG installation: Task completed: Configure fingerprint authentication (21/46) (1.0 s)
22:54:37,110 INF installation: Task started: Authselect configuration (22/46)
22:54:37,113 INF progress: Authselect configuration
22:54:37,113 DBG installation: Task completed: Authselect configuration (22/46) (0.0 s)
22:54:37,113 INF installation: Task started: Authconfig configuration (23/46)
22:54:37,117 INF progress: Authconfig configuration
22:54:37,117 DBG installation: Task completed: Authconfig configuration (23/46) (0.0 s)
22:54:37,117 INF installation: Task started: Configure time zone (24/46)
22:54:38,147 INF progress: Configure time zone
22:54:38,147 DBG installation: Task completed: Configure time zone (24/46) (1.0 s)
22:54:38,147 INF installation: Task started: Configure NTP (25/46)
22:54:39,178 INF progress: Configure NTP
22:54:39,179 DBG installation: Task completed: Configure NTP (25/46) (1.0 s)
22:54:39,179 INF installation: Task started: Configure Initial Setup (26/46)
22:54:40,201 INF progress: Configure Initial Setup
22:54:40,202 DBG installation: Task completed: Configure Initial Setup (26/46) (1.0 s)
22:54:40,202 INF installation: Task started: Configure post-installation tools (27/46)
22:54:41,228 INF progress: Configure post-installation tools
22:54:41,229 DBG installation: Task completed: Configure post-installation tools (27/46) (1.0 s)
22:54:41,229 INF installation: Task started: Configure services (28/46)
22:54:41,237 INF progress: Configure services
22:54:41,237 DBG installation: Task completed: Configure services (28/46) (0.0 s)
22:54:41,237 INF installation: Task started: Configure systemd default target (29/46)
22:54:42,245 INF progress: Configure systemd default target
22:54:42,245 DBG installation: Task completed: Configure systemd default target (29/46) (1.0 s)
22:54:42,245 INF installation: Task started: Configure default desktop (30/46)
22:54:42,248 INF progress: Configure default desktop
22:54:42,248 DBG installation: Task completed: Configure default desktop (30/46) (0.0 s)
22:54:42,249 INF installation: Task started: Configure language (31/46)
22:54:43,292 INF progress: Configure language
22:54:43,293 DBG installation: Task completed: Configure language (31/46) (1.0 s)
22:54:43,294 INF installation: Task started: Configure keyboard (32/46)
22:54:44,310 INF progress: Configure keyboard
22:54:44,311 DBG installation: Task completed: Configure keyboard (32/46) (1.0 s)
22:54:44,312 INF installation: Task started: Configure firewall (33/46)
22:54:45,346 INF progress: Configure firewall
22:54:45,347 DBG installation: Task completed: Configure firewall (33/46) (1.0 s)
22:54:45,347 INF progress: Writing network configuration
22:54:45,347 INF installation: Queue started: Network configuration (13/18)
22:54:45,347 INF installation: Task started: Network configuration (34/46)
22:54:47,422 INF progress: Network configuration
22:54:47,422 DBG installation: Task completed: Network configuration (34/46) (2.1 s)
22:54:47,423 INF progress: Creating users
22:54:47,423 INF installation: Queue started: User creation (14/18)
22:54:47,423 INF installation: Task started: Create groups (35/46)
22:54:48,439 INF progress: Create groups
22:54:48,440 DBG installation: Task completed: Create groups (35/46) (1.0 s)
22:54:48,441 INF installation: Task started: Create users (36/46)
22:54:49,466 INF progress: Create users
22:54:49,467 DBG installation: Task completed: Create users (36/46) (1.0 s)
22:54:49,467 INF installation: Task started: Configure root password (37/46)
22:54:50,476 INF progress: Configure root password
22:54:50,476 DBG installation: Task completed: Configure root password (37/46) (1.0 s)
22:54:50,477 INF installation: Task started: Set SSH keys (38/46)
22:54:50,481 INF progress: Set SSH keys
22:54:50,481 DBG installation: Task completed: Set SSH keys (38/46) (0.0 s)
22:54:50,481 INF installation: Task started: Configure optional root password SSH login (39/46)
22:54:50,484 INF progress: Configure optional root password SSH login
22:54:50,485 DBG installation: Task completed: Configure optional root password SSH login (39/46) (0.0 s)
22:54:50,485 INF progress: Configuring addons
22:54:50,485 INF installation: Queue started: Anaconda addon configuration (15/18)
22:54:50,485 INF installation: Task started: Enable the kdump.service (40/46)
22:54:50,489 INF progress: Enable the kdump.service
22:54:50,489 DBG installation: Task completed: Enable the kdump.service (40/46) (0.0 s)
22:54:50,489 INF progress: Generating initramfs
22:54:50,489 INF installation: Queue started: Initramfs generation (16/18)
22:54:50,489 INF installation: Task started: Generate initramfs (41/46)
22:55:25,573 INF progress: Generate initramfs
22:55:25,574 DBG installation: Task completed: Generate initramfs (41/46) (35.1 s)
22:55:25,574 INF installation: Task started: Configure FIPS (42/46)
22:55:25,579 INF progress: Configure FIPS
22:55:25,580 DBG installation: Task completed: Configure FIPS (42/46) (0.0 s)
22:55:25,580 INF installation: Task started: Join a realm (43/46)
22:55:25,583 INF progress: Join a realm
22:55:25,583 DBG installation: Task completed: Join a realm (43/46) (0.0 s)
22:55:25,583 INF installation: Task started: Rerun zipl (44/46)
22:55:26,626 INF progress: Rerun zipl
22:55:26,627 DBG installation: Task completed: Rerun zipl (44/46) (1.0 s)
22:55:26,628 INF progress: Storing configuration files and kickstarts
22:55:26,628 INF installation: Queue started: Write configs and kickstarts (17/18)
22:55:26,628 INF installation: Task started: Store kickstarts (45/46)
22:55:26,935 INF progress: Store kickstarts
22:55:26,935 DBG installation: Task completed: Store kickstarts (45/46) (0.3 s)
22:55:26,935 INF progress: Running post-installation scripts
22:55:26,936 INF installation: Queue started: Post installation scripts (18/18)
22:55:26,936 INF installation: Task started: Run post installation scripts (46/46)
22:55:26,936 INF kickstart.script: Running kickstart %%post script(s)
