[    32.025] (WW) Failed to open protocol names file /usr/lib64/xorg/protocol.txt
[    32.025] 
X.Org X Server 1.20.11
X Protocol Version 11, Revision 0
[    32.025] Build Operating System:  4.18.0-553.34.1.el8_10.x86_64 
[    32.025] Current Operating System: Linux blocked.local 5.14.0-611.5.1.el9_7.x86_64 #1 SMP PREEMPT_DYNAMIC Fri Oct 17 14:16:35 EDT 2025 x86_64
[    32.025] Kernel command line: BOOT_IMAGE=/images/pxeboot/vmlinuz inst.stage2=hd:LABEL=RHEL-9-7-0-BaseOS-x86_64 quiet
[    32.025] Build Date: 18 June 2025  12:00:00AM
[    32.025] Build ID: xorg-x11-server 1.20.11-31.el9 
[    32.025] Current version of pixman: 0.40.0
[    32.025] 	Before reporting problems, check http://wiki.x.org
	to make sure that you have the latest version.
[    32.025] Markers: (--) probed, (**) from config file, (==) default setting,
	(++) from command line, (!!) notice, (II) informational,
	(WW) warning, (EE) error, (NI) not implemented, (??) unknown.
[    32.025] (++) Log file: "/tmp/X.log", Time: Mon Mar  9 22:36:33 2026
[    32.031] (==) Using config directory: "/etc/X11/xorg.conf.d"
[    32.031] (==) Using system config directory "/usr/share/X11/xorg.conf.d"
[    32.034] (==) No Layout section.  Using the first Screen section.
[    32.034] (==) No screen section available. Using defaults.
[    32.034] (**) |-->Screen "Default Screen Section" (0)
[    32.034] (**) |   |-->Monitor "<default monitor>"
[    32.034] (==) No monitor specified for screen "Default Screen Section".
	Using a default monitor configuration.
[    32.034] (==) Automatically adding devices
[    32.034] (==) Automatically enabling devices
[    32.034] (==) Automatically adding GPU devices
[    32.034] (==) Automatically binding GPU devices
[    32.034] (==) Max clients allowed: 256, resource mask: 0x1fffff
[    32.034] (==) FontPath set to:
	catalogue:/etc/X11/fontpath.d,
	built-ins
[    32.034] (==) ModulePath set to "/usr/lib64/xorg/modules"
[    32.034] (II) The server relies on udev to provide the list of input devices.
	If no devices become available, reconfigure udev or disable AutoAddDevices.
[    32.034] (II) Loader magic: 0x559246b2fd40
[    32.034] (II) Module ABI versions:
[    32.034] 	X.Org ANSI C Emulation: 0.4
[    32.035] 	X.Org Video Driver: 24.1
[    32.035] 	X.Org XInput driver : 24.1
[    32.035] 	X.Org Server Extension : 10.0
[    32.035] (++) using VT number 6

[    32.035] (II) systemd-logind: logind integration requires -keeptty and -keeptty was not provided, disabling logind integration
[    32.036] (II) xfree86: Adding drm device (/dev/dri/card0)
[    32.043] (--) PCI:*(0@0:15:0) 15ad:0405:15ad:0405 rev 0, Mem @ 0xf0000000/134217728, 0xfb800000/8388608, I/O @ 0x00002040/16, BIOS @ 0x????????/65536
[    32.043] (II) LoadModule: "glx"
[    32.044] (II) Loading /usr/lib64/xorg/modules/extensions/libglx.so
[    32.059] (II) Module glx: vendor="X.Org Foundation"
[    32.059] 	compiled for 1.20.11, module version = 1.0.0
[    32.059] 	ABI class: X.Org Server Extension, version 10.0
[    32.059] (==) Matched vmware as autoconfigured driver 0
[    32.059] (==) Matched modesetting as autoconfigured driver 1
[    32.059] (==) Matched fbdev as autoconfigured driver 2
[    32.059] (==) Matched vesa as autoconfigured driver 3
[    32.059] (==) Assigned the driver to the xf86ConfigLayout
[    32.059] (II) LoadModule: "vmware"
[    32.059] (WW) Warning, couldn't open module vmware
[    32.059] (EE) Failed to load module "vmware" (module does not exist, 0)
[    32.059] (II) LoadModule: "modesetting"
[    32.059] (II) Loading /usr/lib64/xorg/modules/drivers/modesetting_drv.so
[    32.063] (II) Module modesetting: vendor="X.Org Foundation"
[    32.063] 	compiled for 1.20.11, module version = 1.20.11
[    32.063] 	Module class: X.Org Video Driver
[    32.063] 	ABI class: X.Org Video Driver, version 24.1
[    32.063] (II) LoadModule: "fbdev"
[    32.063] (II) Loading /usr/lib64/xorg/modules/drivers/fbdev_drv.so
[    32.063] (II) Module fbdev: vendor="X.Org Foundation"
[    32.063] 	compiled for 1.20.11, module version = 0.5.0
[    32.063] 	Module class: X.Org Video Driver
[    32.063] 	ABI class: X.Org Video Driver, version 24.1
[    32.063] (II) LoadModule: "vesa"
[    32.063] (WW) Warning, couldn't open module vesa
[    32.063] (EE) Failed to load module "vesa" (module does not exist, 0)
[    32.063] (II) modesetting: Driver for Modesetting Kernel Drivers: kms
[    32.063] (II) FBDEV: driver for framebuffer: fbdev
[    32.065] (II) modeset(0): using drv /dev/dri/card0
[    32.065] (II) modeset(0): Creating default Display subsection in Screen section
	"Default Screen Section" for depth/fbbpp 24/32
[    32.065] (==) modeset(0): Depth 24, (==) framebuffer bpp 32
[    32.065] (==) modeset(0): RGB weight 888
[    32.065] (==) modeset(0): Default visual is TrueColor
[    32.065] (II) Loading sub module "glamoregl"
[    32.065] (II) LoadModule: "glamoregl"
[    32.065] (II) Loading /usr/lib64/xorg/modules/libglamoregl.so
[    32.084] (II) Module glamoregl: vendor="X.Org Foundation"
[    32.084] 	compiled for 1.20.11, module version = 1.0.1
[    32.084] 	ABI class: X.Org ANSI C Emulation, version 0.4
[    33.568] (II) modeset(0): glamor X acceleration enabled on SVGA3D; build: RELEASE;  LLVM;
[    33.568] (II) modeset(0): glamor initialized
[    33.568] (II) modeset(0): Output Virtual-1 has no monitor section
[    33.568] (II) modeset(0): Output Virtual-2 has no monitor section
[    33.568] (II) modeset(0): Output Virtual-3 has no monitor section
[    33.568] (II) modeset(0): Output Virtual-4 has no monitor section
[    33.568] (II) modeset(0): Output Virtual-5 has no monitor section
[    33.569] (II) modeset(0): Output Virtual-6 has no monitor section
[    33.569] (II) modeset(0): Output Virtual-7 has no monitor section
[    33.569] (II) modeset(0): Output Virtual-8 has no monitor section
[    33.569] (II) modeset(0): EDID for output Virtual-1
[    33.569] (II) modeset(0): Printing probed modes for output Virtual-1
[    33.569] (II) modeset(0): Modeline "1280x800"x60.0   81.51  1280 1330 1380 1430  800 850 900 950 -hsync +vsync (57.0 kHz eP)
[    33.569] (II) modeset(0): Modeline "4096x2160"x60.0  556.74  4096 4104 4136 4176  2160 2208 2216 2222 +hsync -vsync (133.3 kHz e)
[    33.569] (II) modeset(0): Modeline "4096x2160"x59.9  556.19  4096 4104 4136 4176  2160 2208 2216 2222 +hsync -vsync (133.2 kHz e)
[    33.569] (II) modeset(0): Modeline "2560x1600"x60.0  348.50  2560 2752 3032 3504  1600 1603 1609 1658 -hsync +vsync (99.5 kHz e)
[    33.569] (II) modeset(0): Modeline "2560x1600"x60.0  268.50  2560 2608 2640 2720  1600 1603 1609 1646 +hsync -vsync (98.7 kHz e)
[    33.569] (II) modeset(0): Modeline "1920x1440"x60.0  234.00  1920 2048 2256 2600  1440 1441 1444 1500 -hsync +vsync (90.0 kHz e)
[    33.569] (II) modeset(0): Modeline "1856x1392"x60.0  218.25  1856 1952 2176 2528  1392 1393 1396 1439 -hsync +vsync (86.3 kHz e)
[    33.569] (II) modeset(0): Modeline "1792x1344"x60.0  204.75  1792 1920 2120 2448  1344 1345 1348 1394 -hsync +vsync (83.6 kHz e)
[    33.569] (II) modeset(0): Modeline "2048x1152"x60.0  162.00  2048 2074 2154 2250  1152 1153 1156 1200 +hsync +vsync (72.0 kHz e)
[    33.569] (II) modeset(0): Modeline "1920x1200"x59.9  193.25  1920 2056 2256 2592  1200 1203 1209 1245 -hsync +vsync (74.6 kHz e)
[    33.569] (II) modeset(0): Modeline "1920x1200"x60.0  154.00  1920 1968 2000 2080  1200 1203 1209 1235 +hsync -vsync (74.0 kHz e)
[    33.569] (II) modeset(0): Modeline "1920x1080"x60.0  148.50  1920 2008 2052 2200  1080 1084 1089 1125 -hsync -vsync (67.5 kHz e)
[    33.569] (II) modeset(0): Modeline "1600x1200"x60.0  162.00  1600 1664 1856 2160  1200 1201 1204 1250 +hsync +vsync (75.0 kHz e)
[    33.569] (II) modeset(0): Modeline "1680x1050"x60.0  146.25  1680 1784 1960 2240  1050 1053 1059 1089 -hsync +vsync (65.3 kHz e)
[    33.569] (II) modeset(0): Modeline "1680x1050"x59.9  119.00  1680 1728 1760 1840  1050 1053 1059 1080 +hsync -vsync (64.7 kHz e)
[    33.569] (II) modeset(0): Modeline "1400x1050"x60.0  121.75  1400 1488 1632 1864  1050 1053 1057 1089 -hsync +vsync (65.3 kHz e)
[    33.569] (II) modeset(0): Modeline "1400x1050"x59.9  101.00  1400 1448 1480 1560  1050 1053 1057 1080 +hsync -vsync (64.7 kHz e)
[    33.569] (II) modeset(0): Modeline "1600x900"x60.0  108.00  1600 1624 1704 1800  900 901 904 1000 +hsync +vsync (60.0 kHz e)
[    33.569] (II) modeset(0): Modeline "1280x1024"x60.0  108.00  1280 1328 1440 1688  1024 1025 1028 1066 +hsync +vsync (64.0 kHz e)
[    33.569] (II) modeset(0): Modeline "1440x900"x59.9  106.50  1440 1520 1672 1904  900 903 909 934 -hsync +vsync (55.9 kHz e)
[    33.569] (II) modeset(0): Modeline "1440x900"x59.9   88.75  1440 1488 1520 1600  900 903 909 926 +hsync -vsync (55.5 kHz e)
[    33.569] (II) modeset(0): Modeline "1280x960"x60.0  108.00  1280 1376 1488 1800  960 961 964 1000 +hsync +vsync (60.0 kHz e)
[    33.569] (II) modeset(0): Modeline "1366x768"x59.8   85.50  1366 1436 1579 1792  768 771 774 798 +hsync +vsync (47.7 kHz e)
[    33.569] (II) modeset(0): Modeline "1366x768"x60.0   72.00  1366 1380 1436 1500  768 769 772 800 +hsync +vsync (48.0 kHz e)
[    33.569] (II) modeset(0): Modeline "1360x768"x60.0   85.50  1360 1424 1536 1792  768 771 777 795 +hsync +vsync (47.7 kHz e)
[    33.569] (II) modeset(0): Modeline "1280x800"x59.8   83.50  1280 1352 1480 1680  800 803 809 831 -hsync +vsync (49.7 kHz e)
[    33.569] (II) modeset(0): Modeline "1280x800"x59.9   71.00  1280 1328 1360 1440  800 803 809 823 +hsync -vsync (49.3 kHz e)
[    33.569] (II) modeset(0): Modeline "1280x768"x59.9   79.50  1280 1344 1472 1664  768 771 778 798 -hsync +vsync (47.8 kHz e)
[    33.569] (II) modeset(0): Modeline "1280x768"x60.0   68.25  1280 1328 1360 1440  768 771 778 790 +hsync -vsync (47.4 kHz e)
[    33.569] (II) modeset(0): Modeline "1280x720"x60.0   74.25  1280 1390 1430 1650  720 725 730 750 +hsync +vsync (45.0 kHz e)
[    33.569] (II) modeset(0): Modeline "1024x768"x60.0   65.00  1024 1048 1184 1344  768 771 777 806 -hsync -vsync (48.4 kHz e)
[    33.569] (II) modeset(0): Modeline "800x600"x60.3   40.00  800 840 968 1056  600 601 605 628 +hsync +vsync (37.9 kHz e)
[    33.569] (II) modeset(0): Modeline "800x600"x56.2   36.00  800 824 896 1024  600 601 603 625 +hsync +vsync (35.2 kHz e)
[    33.569] (II) modeset(0): Modeline "848x480"x60.0   33.75  848 864 976 1088  480 486 494 517 +hsync +vsync (31.0 kHz e)
[    33.569] (II) modeset(0): Modeline "640x480"x59.9   25.18  640 656 752 800  480 490 492 525 -hsync -vsync (31.5 kHz e)
[    33.569] (II) modeset(0): EDID for output Virtual-2
[    33.569] (II) modeset(0): EDID for output Virtual-3
[    33.569] (II) modeset(0): EDID for output Virtual-4
[    33.569] (II) modeset(0): EDID for output Virtual-5
[    33.569] (II) modeset(0): EDID for output Virtual-6
[    33.569] (II) modeset(0): EDID for output Virtual-7
[    33.569] (II) modeset(0): EDID for output Virtual-8
[    33.569] (II) modeset(0): Output Virtual-1 connected
[    33.569] (II) modeset(0): Output Virtual-2 disconnected
[    33.569] (II) modeset(0): Output Virtual-3 disconnected
[    33.569] (II) modeset(0): Output Virtual-4 disconnected
[    33.569] (II) modeset(0): Output Virtual-5 disconnected
[    33.569] (II) modeset(0): Output Virtual-6 disconnected
[    33.569] (II) modeset(0): Output Virtual-7 disconnected
[    33.569] (II) modeset(0): Output Virtual-8 disconnected
[    33.569] (II) modeset(0): Using exact sizes for initial modes
[    33.569] (II) modeset(0): Output Virtual-1 using initial mode 1280x800 +0+0
[    33.570] (==) modeset(0): Using gamma correction (1.0, 1.0, 1.0)
[    33.570] (++) modeset(0): DPI set to (96, 96)
[    33.570] (II) Loading sub module "fb"
[    33.570] (II) LoadModule: "fb"
[    33.570] (II) Module "fb" already built-in
[    33.570] (II) UnloadModule: "fbdev"
[    33.570] (II) Unloading fbdev
[    33.734] (==) modeset(0): Backing store enabled
[    33.734] (==) modeset(0): Silken mouse enabled
[    33.734] (II) modeset(0): Initializing kms color map for depth 24, 8 bpc.
[    33.734] (==) modeset(0): DPMS enabled
[    33.734] (II) modeset(0): [DRI2] Setup complete
[    33.734] (II) modeset(0): [DRI2]   DRI driver: vmwgfx
[    33.734] (II) modeset(0): [DRI2]   VDPAU driver: vmwgfx
[    33.734] (II) Initializing extension Generic Event Extension
[    33.734] (II) Initializing extension SHAPE
[    33.734] (II) Initializing extension MIT-SHM
[    33.735] (II) Initializing extension XInputExtension
[    33.735] (II) Initializing extension XTEST
[    33.735] (II) Initializing extension BIG-REQUESTS
[    33.735] (II) Initializing extension SYNC
[    33.735] (II) Initializing extension XKEYBOARD
[    33.735] (II) Initializing extension XC-MISC
[    33.735] (II) Initializing extension SECURITY
[    33.735] (II) Initializing extension XFIXES
[    33.736] (II) Initializing extension RENDER
[    33.736] (II) Initializing extension RANDR
[    33.736] (II) Initializing extension COMPOSITE
[    33.736] (II) Initializing extension DAMAGE
[    33.736] (II) Initializing extension MIT-SCREEN-SAVER
[    33.736] (II) Initializing extension DOUBLE-BUFFER
[    33.736] (II) Initializing extension RECORD
[    33.736] (II) Initializing extension DPMS
[    33.736] (II) Initializing extension Present
[    33.736] (II) Initializing extension DRI3
[    33.736] (II) Initializing extension X-Resource
[    33.736] (II) Initializing extension XVideo
[    33.736] (II) Initializing extension XVideo-MotionCompensation
[    33.736] (II) Initializing extension SELinux
[    33.736] (II) SELinux: Disabled by boolean
[    33.736] (II) Initializing extension GLX
[    33.743] (II) AIGLX: Loaded and initialized vmwgfx
[    33.743] (II) GLX: Initialized DRI2 GL provider for screen 0
[    33.743] (II) Initializing extension XFree86-VidModeExtension
[    33.743] (II) Initializing extension XFree86-DGA
[    33.743] (II) Initializing extension DRI2
[    33.744] (II) modeset(0): Damage tracking initialized
[    33.744] (II) modeset(0): Setting screen physical size to 338 x 211
[    33.864] (II) config/udev: Adding input device Power Button (/dev/input/event0)
[    33.864] (**) Power Button: Applying InputClass "evdev keyboard catchall"
[    33.864] (**) Power Button: Applying InputClass "libinput keyboard catchall"
[    33.864] (II) LoadModule: "libinput"
[    33.864] (II) Loading /usr/lib64/xorg/modules/input/libinput_drv.so
[    33.868] (II) Module libinput: vendor="X.Org Foundation"
[    33.868] 	compiled for 1.20.11, module version = 1.0.1
[    33.868] 	Module class: X.Org XInput Driver
[    33.868] 	ABI class: X.Org XInput driver, version 24.1
[    33.868] (II) Using input driver 'libinput' for 'Power Button'
[    33.868] (**) Power Button: always reports core events
[    33.868] (**) Option "Device" "/dev/input/event0"
[    33.868] (**) Option "_source" "server/udev"
[    33.876] (II) event0  - Power Button: is tagged by udev as: Keyboard
[    33.876] (II) event0  - Power Button: device is a keyboard
[    33.876] (II) event0  - Power Button: device removed
[    33.885] (**) Option "config_info" "udev:/sys/devices/LNXSYSTM:00/LNXPWRBN:00/input/input0/event0"
[    33.885] (II) XINPUT: Adding extended input device "Power Button" (type: KEYBOARD, id 6)
[    33.885] (II) event0  - Power Button: is tagged by udev as: Keyboard
[    33.885] (II) event0  - Power Button: device is a keyboard
[    33.886] (II) config/udev: Adding input device VMware VMware Virtual USB Mouse (/dev/input/event4)
[    33.886] (**) VMware VMware Virtual USB Mouse: Applying InputClass "evdev pointer catchall"
[    33.887] (**) VMware VMware Virtual USB Mouse: Applying InputClass "libinput pointer catchall"
[    33.887] (II) Using input driver 'libinput' for 'VMware VMware Virtual USB Mouse'
[    33.887] (**) VMware VMware Virtual USB Mouse: always reports core events
[    33.887] (**) Option "Device" "/dev/input/event4"
[    33.887] (**) Option "_source" "server/udev"
[    33.942] (II) event4  - VMware VMware Virtual USB Mouse: is tagged by udev as: Mouse
[    33.943] (II) event4  - VMware VMware Virtual USB Mouse: device is a pointer
[    33.943] (II) event4  - VMware VMware Virtual USB Mouse: device removed
[    34.303] (**) Option "config_info" "udev:/sys/devices/pci0000:00/0000:00:11.0/0000:02:00.0/usb2/2-1/2-1:1.0/0003:0E0F:0003.0001/input/input5/event4"
[    34.303] (II) XINPUT: Adding extended input device "VMware VMware Virtual USB Mouse" (type: MOUSE, id 7)
[    34.303] (**) Option "AccelerationScheme" "none"
[    34.304] (**) VMware VMware Virtual USB Mouse: (accel) selected scheme none/0
[    34.304] (**) VMware VMware Virtual USB Mouse: (accel) acceleration factor: 2.000
[    34.304] (**) VMware VMware Virtual USB Mouse: (accel) acceleration threshold: 4
[    34.359] (II) event4  - VMware VMware Virtual USB Mouse: is tagged by udev as: Mouse
[    34.360] (II) event4  - VMware VMware Virtual USB Mouse: device is a pointer
[    34.361] (II) config/udev: Adding input device VMware VMware Virtual USB Mouse (/dev/input/mouse2)
[    34.361] (II) No input driver specified, ignoring this device.
[    34.361] (II) This device may have been added with another device file.
[    34.362] (II) config/udev: Adding input device AT Translated Set 2 keyboard (/dev/input/event1)
[    34.362] (**) AT Translated Set 2 keyboard: Applying InputClass "evdev keyboard catchall"
[    34.362] (**) AT Translated Set 2 keyboard: Applying InputClass "libinput keyboard catchall"
[    34.362] (II) Using input driver 'libinput' for 'AT Translated Set 2 keyboard'
[    34.362] (**) AT Translated Set 2 keyboard: always reports core events
[    34.362] (**) Option "Device" "/dev/input/event1"
[    34.362] (**) Option "_source" "server/udev"
[    34.363] (II) event1  - AT Translated Set 2 keyboard: is tagged by udev as: Keyboard
[    34.363] (II) event1  - AT Translated Set 2 keyboard: device is a keyboard
[    34.363] (II) event1  - AT Translated Set 2 keyboard: device removed
[    34.372] (**) Option "config_info" "udev:/sys/devices/platform/i8042/serio0/input/input1/event1"
[    34.372] (II) XINPUT: Adding extended input device "AT Translated Set 2 keyboard" (type: KEYBOARD, id 8)
[    34.373] (II) event1  - AT Translated Set 2 keyboard: is tagged by udev as: Keyboard
[    34.374] (II) event1  - AT Translated Set 2 keyboard: device is a keyboard
[    34.375] (II) config/udev: Adding input device VirtualPS/2 VMware VMMouse (/dev/input/event3)
[    34.375] (**) VirtualPS/2 VMware VMMouse: Applying InputClass "evdev pointer catchall"
[    34.375] (**) VirtualPS/2 VMware VMMouse: Applying InputClass "libinput pointer catchall"
[    34.375] (II) Using input driver 'libinput' for 'VirtualPS/2 VMware VMMouse'
[    34.375] (**) VirtualPS/2 VMware VMMouse: always reports core events
[    34.375] (**) Option "Device" "/dev/input/event3"
[    34.375] (**) Option "_source" "server/udev"
[    34.376] (II) event3  - VirtualPS/2 VMware VMMouse: is tagged by udev as: Mouse
[    34.376] (II) event3  - VirtualPS/2 VMware VMMouse: device is a pointer
[    34.376] (II) event3  - VirtualPS/2 VMware VMMouse: device removed
[    34.391] (**) Option "config_info" "udev:/sys/devices/platform/i8042/serio1/input/input3/event3"
[    34.391] (II) XINPUT: Adding extended input device "VirtualPS/2 VMware VMMouse" (type: MOUSE, id 9)
[    34.391] (**) Option "AccelerationScheme" "none"
[    34.391] (**) VirtualPS/2 VMware VMMouse: (accel) selected scheme none/0
[    34.391] (**) VirtualPS/2 VMware VMMouse: (accel) acceleration factor: 2.000
[    34.391] (**) VirtualPS/2 VMware VMMouse: (accel) acceleration threshold: 4
[    34.392] (II) event3  - VirtualPS/2 VMware VMMouse: is tagged by udev as: Mouse
[    34.392] (II) event3  - VirtualPS/2 VMware VMMouse: device is a pointer
[    34.393] (II) config/udev: Adding input device VirtualPS/2 VMware VMMouse (/dev/input/mouse1)
[    34.393] (II) No input driver specified, ignoring this device.
[    34.393] (II) This device may have been added with another device file.
[    34.393] (II) config/udev: Adding input device VirtualPS/2 VMware VMMouse (/dev/input/event2)
[    34.393] (**) VirtualPS/2 VMware VMMouse: Applying InputClass "evdev pointer catchall"
[    34.393] (**) VirtualPS/2 VMware VMMouse: Applying InputClass "libinput pointer catchall"
[    34.393] (II) Using input driver 'libinput' for 'VirtualPS/2 VMware VMMouse'
[    34.393] (**) VirtualPS/2 VMware VMMouse: always reports core events
[    34.394] (**) Option "Device" "/dev/input/event2"
[    34.394] (**) Option "_source" "server/udev"
[    34.394] (II) event2  - VirtualPS/2 VMware VMMouse: is tagged by udev as: Mouse
[    34.394] (II) event2  - VirtualPS/2 VMware VMMouse: device is a pointer
[    34.395] (II) event2  - VirtualPS/2 VMware VMMouse: device removed
[    34.410] (**) Option "config_info" "udev:/sys/devices/platform/i8042/serio1/input/input4/event2"
[    34.410] (II) XINPUT: Adding extended input device "VirtualPS/2 VMware VMMouse" (type: MOUSE, id 10)
[    34.410] (**) Option "AccelerationScheme" "none"
[    34.410] (**) VirtualPS/2 VMware VMMouse: (accel) selected scheme none/0
[    34.410] (**) VirtualPS/2 VMware VMMouse: (accel) acceleration factor: 2.000
[    34.410] (**) VirtualPS/2 VMware VMMouse: (accel) acceleration threshold: 4
[    34.411] (II) event2  - VirtualPS/2 VMware VMMouse: is tagged by udev as: Mouse
[    34.411] (II) event2  - VirtualPS/2 VMware VMMouse: device is a pointer
[    34.412] (II) config/udev: Adding input device VirtualPS/2 VMware VMMouse (/dev/input/mouse0)
[    34.412] (II) No input driver specified, ignoring this device.
[    34.412] (II) This device may have been added with another device file.
[    34.412] (II) config/udev: Adding input device PC Speaker (/dev/input/event5)
[    34.413] (II) No input driver specified, ignoring this device.
[    34.413] (II) This device may have been added with another device file.
