Sun Apr  5 16:22:51 2026 [INFO] Starting rhsmcertd...
Sun Apr  5 16:22:51 2026 [INFO] Auto-attach interval: 1440.0 minutes [86400 seconds]
Sun Apr  5 16:22:51 2026 [INFO] Cert check interval: 240.0 minutes [14400 seconds]
Sun Apr  5 16:22:51 2026 [INFO] Waiting 2.0 minutes plus 9509 splay seconds [9629 seconds total] before performing first auto-attach.
Sun Apr  5 16:22:51 2026 [INFO] Waiting 2.0 minutes plus 4350 splay seconds [4470 seconds total] before performing first cert check.
Sun Apr  5 16:55:48 2026 [INFO] rhsmcertd is shutting down...
Sun Apr  5 16:56:06 2026 [INFO] Starting rhsmcertd...
Sun Apr  5 16:56:06 2026 [INFO] Auto-attach interval: 1440.0 minutes [86400 seconds]
Sun Apr  5 16:56:06 2026 [INFO] Cert check interval: 240.0 minutes [14400 seconds]
Sun Apr  5 16:56:06 2026 [INFO] Waiting 2.0 minutes plus 84615 splay seconds [84735 seconds total] before performing first auto-attach.
Sun Apr  5 16:56:06 2026 [INFO] Waiting 2.0 minutes plus 1954 splay seconds [2074 seconds total] before performing first cert check.
Sun Apr  5 17:30:49 2026 [INFO] (Cert Check) Certificates updated.
Sun Apr  5 21:30:55 2026 [INFO] (Cert Check) Certificates updated.
Mon Apr  6 00:25:57 2026 [INFO] rhsmcertd is shutting down...
Mon Apr  6 20:49:57 2026 [INFO] Starting rhsmcertd...
Mon Apr  6 20:49:57 2026 [INFO] Auto-attach interval: 1440.0 minutes [86400 seconds]
Mon Apr  6 20:49:57 2026 [INFO] Cert check interval: 240.0 minutes [14400 seconds]
Mon Apr  6 20:49:57 2026 [INFO] Waiting 2.0 minutes plus 42957 splay seconds [43077 seconds total] before performing first auto-attach.
Mon Apr  6 20:49:57 2026 [INFO] Waiting 2.0 minutes plus 3981 splay seconds [4101 seconds total] before performing first cert check.
Mon Apr  6 21:58:35 2026 [INFO] (Cert Check) Certificates updated.
Wed Apr  8 19:58:49 2026 [INFO] Starting rhsmcertd...
Wed Apr  8 19:58:49 2026 [INFO] Auto-attach interval: 1440.0 minutes [86400 seconds]
Wed Apr  8 19:58:49 2026 [INFO] Cert check interval: 240.0 minutes [14400 seconds]
Wed Apr  8 19:58:49 2026 [INFO] Waiting 2.0 minutes plus 16760 splay seconds [16880 seconds total] before performing first auto-attach.
Wed Apr  8 19:58:49 2026 [INFO] Waiting 2.0 minutes plus 6837 splay seconds [6957 seconds total] before performing first cert check.
Wed Apr  8 22:36:54 2026 [INFO] Starting rhsmcertd...
Wed Apr  8 22:36:54 2026 [INFO] Auto-attach interval: 1440.0 minutes [86400 seconds]
Wed Apr  8 22:36:54 2026 [INFO] Cert check interval: 240.0 minutes [14400 seconds]
Wed Apr  8 22:36:54 2026 [INFO] Waiting 2.0 minutes plus 78744 splay seconds [78864 seconds total] before performing first auto-attach.
Wed Apr  8 22:36:54 2026 [INFO] Waiting 2.0 minutes plus 227 splay seconds [347 seconds total] before performing first cert check.
Wed Apr  8 22:42:53 2026 [INFO] (Cert Check) Certificates updated.
