2026-04-05 16:23:23,784 [INFO] rhsm-service:6155:MainThread @i18n.py:169 - Could not import locale for C.UTF-8: [Errno 2] No translation file found for domain: 'rhsm'
2026-04-05 16:23:23,784 [INFO] rhsm-service:6155:MainThread @i18n.py:139 - Could not import locale either for C.UTF-8_C.UTF-8: [Errno 2] No translation file found for domain: 'rhsm'
2026-04-05 16:23:23,789 [INFO] rhsm-service:6155:MainThread @i18n.py:169 - Could not import locale for C.UTF-8: [Errno 2] No translation file found for domain: 'rhsm'
2026-04-05 16:23:23,789 [INFO] rhsm-service:6155:MainThread @i18n.py:139 - Could not import locale either for C.UTF-8_C.UTF-8: [Errno 2] No translation file found for domain: 'rhsm'
2026-04-05 16:23:25,059 [INFO] rhsm-service:6155:MainThread @i18n.py:169 - Could not import locale for C.UTF-8: [Errno 2] No translation file found for domain: 'rhsm'
2026-04-05 16:23:25,060 [INFO] rhsm-service:6155:MainThread @i18n.py:139 - Could not import locale either for C.UTF-8_C.UTF-8: [Errno 2] No translation file found for domain: 'rhsm'
2026-04-05 16:23:25,062 [INFO] rhsm-service:6155:MainThread @i18n.py:169 - Could not import locale for C.UTF-8: [Errno 2] No translation file found for domain: 'rhsm'
2026-04-05 16:23:25,062 [INFO] rhsm-service:6155:MainThread @i18n.py:139 - Could not import locale either for C.UTF-8_C.UTF-8: [Errno 2] No translation file found for domain: 'rhsm'
2026-04-05 16:23:25,365 [INFO] rhsm-service:6155:MainThread @i18n.py:169 - Could not import locale for C.UTF-8: [Errno 2] No translation file found for domain: 'rhsm'
2026-04-05 16:23:25,366 [INFO] rhsm-service:6155:MainThread @i18n.py:139 - Could not import locale either for C.UTF-8_C.UTF-8: [Errno 2] No translation file found for domain: 'rhsm'
2026-04-05 16:57:07,649 [INFO] rhsm-service:2596:MainThread @i18n.py:169 - Could not import locale for C.UTF-8: [Errno 2] No translation file found for domain: 'rhsm'
2026-04-05 16:57:07,650 [INFO] rhsm-service:2596:MainThread @i18n.py:139 - Could not import locale either for C.UTF-8_C.UTF-8: [Errno 2] No translation file found for domain: 'rhsm'
2026-04-05 16:57:07,652 [INFO] rhsm-service:2596:MainThread @i18n.py:169 - Could not import locale for C.UTF-8: [Errno 2] No translation file found for domain: 'rhsm'
2026-04-05 16:57:07,652 [INFO] rhsm-service:2596:MainThread @i18n.py:139 - Could not import locale either for C.UTF-8_C.UTF-8: [Errno 2] No translation file found for domain: 'rhsm'
2026-04-05 16:57:08,517 [INFO] rhsm-service:2596:MainThread @i18n.py:169 - Could not import locale for C.UTF-8: [Errno 2] No translation file found for domain: 'rhsm'
2026-04-05 16:57:08,517 [INFO] rhsm-service:2596:MainThread @i18n.py:139 - Could not import locale either for C.UTF-8_C.UTF-8: [Errno 2] No translation file found for domain: 'rhsm'
2026-04-05 16:57:08,522 [INFO] rhsm-service:2596:MainThread @i18n.py:169 - Could not import locale for C.UTF-8: [Errno 2] No translation file found for domain: 'rhsm'
2026-04-05 16:57:08,522 [INFO] rhsm-service:2596:MainThread @i18n.py:139 - Could not import locale either for C.UTF-8_C.UTF-8: [Errno 2] No translation file found for domain: 'rhsm'
2026-04-05 16:57:08,860 [INFO] rhsm-service:2596:MainThread @i18n.py:169 - Could not import locale for C.UTF-8: [Errno 2] No translation file found for domain: 'rhsm'
2026-04-05 16:57:08,860 [INFO] rhsm-service:2596:MainThread @i18n.py:139 - Could not import locale either for C.UTF-8_C.UTF-8: [Errno 2] No translation file found for domain: 'rhsm'
2026-04-05 17:30:41,322 [INFO] rhsmcertd-worker:4993:MainThread @entcertlib.py:108 - certs updated:
Total updates: 0
Found (local) serial# [3514878027169657782]
Expected (UEP) serial# [3514878027169657782]
Added (new)
  <NONE>
Deleted (rogue):
  <NONE>
2026-04-05 17:30:42,378 [INFO] rhsm-service:2596:MainThread @i18n.py:169 - Could not import locale for C.UTF-8: [Errno 2] No translation file found for domain: 'rhsm'
2026-04-05 17:30:42,381 [INFO] rhsm-service:2596:MainThread @i18n.py:139 - Could not import locale either for C.UTF-8_C.UTF-8: [Errno 2] No translation file found for domain: 'rhsm'
2026-04-05 17:30:42,388 [INFO] rhsm-service:2596:MainThread @i18n.py:169 - Could not import locale for C.UTF-8: [Errno 2] No translation file found for domain: 'rhsm'
2026-04-05 17:30:42,388 [INFO] rhsm-service:2596:MainThread @i18n.py:139 - Could not import locale either for C.UTF-8_C.UTF-8: [Errno 2] No translation file found for domain: 'rhsm'
2026-04-05 17:30:43,185 [INFO] rhsm-service:2596:MainThread @i18n.py:169 - Could not import locale for C.UTF-8: [Errno 2] No translation file found for domain: 'rhsm'
2026-04-05 17:30:43,186 [INFO] rhsm-service:2596:MainThread @i18n.py:139 - Could not import locale either for C.UTF-8_C.UTF-8: [Errno 2] No translation file found for domain: 'rhsm'
2026-04-05 17:30:43,188 [INFO] rhsm-service:2596:MainThread @i18n.py:169 - Could not import locale for C.UTF-8: [Errno 2] No translation file found for domain: 'rhsm'
2026-04-05 17:30:43,188 [INFO] rhsm-service:2596:MainThread @i18n.py:139 - Could not import locale either for C.UTF-8_C.UTF-8: [Errno 2] No translation file found for domain: 'rhsm'
2026-04-05 17:30:44,924 [INFO] rhsmcertd-worker:4993:MainThread @factlib.py:105 - Facts have been updated.
2026-04-05 17:30:49,230 [INFO] rhsm-service:2596:MainThread @i18n.py:169 - Could not import locale for C.UTF-8: [Errno 2] No translation file found for domain: 'rhsm'
2026-04-05 17:30:49,230 [INFO] rhsm-service:2596:MainThread @i18n.py:139 - Could not import locale either for C.UTF-8_C.UTF-8: [Errno 2] No translation file found for domain: 'rhsm'
2026-04-05 17:30:49,231 [INFO] rhsm-service:2596:MainThread @i18n.py:169 - Could not import locale for C.UTF-8: [Errno 2] No translation file found for domain: 'rhsm'
2026-04-05 17:30:49,231 [INFO] rhsm-service:2596:MainThread @i18n.py:139 - Could not import locale either for C.UTF-8_C.UTF-8: [Errno 2] No translation file found for domain: 'rhsm'
2026-04-05 17:30:49,860 [INFO] rhsm-service:2596:MainThread @i18n.py:169 - Could not import locale for C.UTF-8: [Errno 2] No translation file found for domain: 'rhsm'
2026-04-05 17:30:49,860 [INFO] rhsm-service:2596:MainThread @i18n.py:139 - Could not import locale either for C.UTF-8_C.UTF-8: [Errno 2] No translation file found for domain: 'rhsm'
2026-04-05 17:30:49,862 [INFO] rhsm-service:2596:MainThread @i18n.py:169 - Could not import locale for C.UTF-8: [Errno 2] No translation file found for domain: 'rhsm'
2026-04-05 17:30:49,862 [INFO] rhsm-service:2596:MainThread @i18n.py:139 - Could not import locale either for C.UTF-8_C.UTF-8: [Errno 2] No translation file found for domain: 'rhsm'
2026-04-05 17:30:50,164 [INFO] rhsm-service:2596:MainThread @i18n.py:169 - Could not import locale for C.UTF-8: [Errno 2] No translation file found for domain: 'rhsm'
2026-04-05 17:30:50,164 [INFO] rhsm-service:2596:MainThread @i18n.py:139 - Could not import locale either for C.UTF-8_C.UTF-8: [Errno 2] No translation file found for domain: 'rhsm'
2026-04-05 17:30:50,167 [INFO] rhsm-service:2596:MainThread @i18n.py:169 - Could not import locale for C.UTF-8: [Errno 2] No translation file found for domain: 'rhsm'
2026-04-05 17:30:50,168 [INFO] rhsm-service:2596:MainThread @i18n.py:139 - Could not import locale either for C.UTF-8_C.UTF-8: [Errno 2] No translation file found for domain: 'rhsm'
2026-04-05 17:30:50,823 [INFO] rhsm-service:2596:MainThread @i18n.py:169 - Could not import locale for C.UTF-8: [Errno 2] No translation file found for domain: 'rhsm'
2026-04-05 17:30:50,824 [INFO] rhsm-service:2596:MainThread @i18n.py:139 - Could not import locale either for C.UTF-8_C.UTF-8: [Errno 2] No translation file found for domain: 'rhsm'
2026-04-05 17:30:50,826 [INFO] rhsm-service:2596:MainThread @i18n.py:169 - Could not import locale for C.UTF-8: [Errno 2] No translation file found for domain: 'rhsm'
2026-04-05 17:30:50,826 [INFO] rhsm-service:2596:MainThread @i18n.py:139 - Could not import locale either for C.UTF-8_C.UTF-8: [Errno 2] No translation file found for domain: 'rhsm'
2026-04-05 21:30:50,118 [INFO] rhsmcertd-worker:23203:MainThread @entcertlib.py:108 - certs updated:
Total updates: 0
Found (local) serial# [3514878027169657782]
Expected (UEP) serial# [3514878027169657782]
Added (new)
  <NONE>
Deleted (rogue):
  <NONE>
2026-04-05 21:30:56,997 [INFO] rhsm-service:2596:MainThread @i18n.py:169 - Could not import locale for C.UTF-8: [Errno 2] No translation file found for domain: 'rhsm'
2026-04-05 21:30:57,007 [INFO] rhsm-service:2596:MainThread @i18n.py:139 - Could not import locale either for C.UTF-8_C.UTF-8: [Errno 2] No translation file found for domain: 'rhsm'
2026-04-05 21:30:57,024 [INFO] rhsm-service:2596:MainThread @i18n.py:169 - Could not import locale for C.UTF-8: [Errno 2] No translation file found for domain: 'rhsm'
2026-04-05 21:30:57,024 [INFO] rhsm-service:2596:MainThread @i18n.py:139 - Could not import locale either for C.UTF-8_C.UTF-8: [Errno 2] No translation file found for domain: 'rhsm'
2026-04-05 21:30:58,093 [INFO] rhsm-service:2596:MainThread @i18n.py:169 - Could not import locale for C.UTF-8: [Errno 2] No translation file found for domain: 'rhsm'
2026-04-05 21:30:58,093 [INFO] rhsm-service:2596:MainThread @i18n.py:139 - Could not import locale either for C.UTF-8_C.UTF-8: [Errno 2] No translation file found for domain: 'rhsm'
2026-04-05 21:30:58,095 [INFO] rhsm-service:2596:MainThread @i18n.py:169 - Could not import locale for C.UTF-8: [Errno 2] No translation file found for domain: 'rhsm'
2026-04-05 21:30:58,095 [INFO] rhsm-service:2596:MainThread @i18n.py:139 - Could not import locale either for C.UTF-8_C.UTF-8: [Errno 2] No translation file found for domain: 'rhsm'
2026-04-06 21:58:22,651 [INFO] rhsmcertd-worker:2209:MainThread @entcertlib.py:108 - certs updated:
Total updates: 0
Found (local) serial# [3514878027169657782]
Expected (UEP) serial# [3514878027169657782]
Added (new)
  <NONE>
Deleted (rogue):
  <NONE>
2026-04-06 21:58:28,796 [INFO] rhsmcertd-worker:2209:MainThread @factlib.py:105 - Facts have been updated.
2026-04-08 19:59:49,773 [INFO] rhsm-service:2603:MainThread @i18n.py:169 - Could not import locale for C.UTF-8: [Errno 2] No translation file found for domain: 'rhsm'
2026-04-08 19:59:49,778 [INFO] rhsm-service:2603:MainThread @i18n.py:139 - Could not import locale either for C.UTF-8_C.UTF-8: [Errno 2] No translation file found for domain: 'rhsm'
2026-04-08 19:59:49,786 [INFO] rhsm-service:2603:MainThread @i18n.py:169 - Could not import locale for C.UTF-8: [Errno 2] No translation file found for domain: 'rhsm'
2026-04-08 19:59:49,786 [INFO] rhsm-service:2603:MainThread @i18n.py:139 - Could not import locale either for C.UTF-8_C.UTF-8: [Errno 2] No translation file found for domain: 'rhsm'
2026-04-08 19:59:52,778 [INFO] rhsm-service:2603:MainThread @i18n.py:169 - Could not import locale for C.UTF-8: [Errno 2] No translation file found for domain: 'rhsm'
2026-04-08 19:59:52,778 [INFO] rhsm-service:2603:MainThread @i18n.py:139 - Could not import locale either for C.UTF-8_C.UTF-8: [Errno 2] No translation file found for domain: 'rhsm'
2026-04-08 19:59:52,779 [INFO] rhsm-service:2603:MainThread @i18n.py:169 - Could not import locale for C.UTF-8: [Errno 2] No translation file found for domain: 'rhsm'
2026-04-08 19:59:52,779 [INFO] rhsm-service:2603:MainThread @i18n.py:139 - Could not import locale either for C.UTF-8_C.UTF-8: [Errno 2] No translation file found for domain: 'rhsm'
2026-04-08 19:59:53,608 [INFO] rhsm-service:2603:MainThread @i18n.py:169 - Could not import locale for C.UTF-8: [Errno 2] No translation file found for domain: 'rhsm'
2026-04-08 19:59:53,608 [INFO] rhsm-service:2603:MainThread @i18n.py:139 - Could not import locale either for C.UTF-8_C.UTF-8: [Errno 2] No translation file found for domain: 'rhsm'
2026-04-08 22:38:43,580 [INFO] rhsm-service:2696:MainThread @i18n.py:169 - Could not import locale for C.UTF-8: [Errno 2] No translation file found for domain: 'rhsm'
2026-04-08 22:38:43,581 [INFO] rhsm-service:2696:MainThread @i18n.py:139 - Could not import locale either for C.UTF-8_C.UTF-8: [Errno 2] No translation file found for domain: 'rhsm'
2026-04-08 22:38:43,587 [INFO] rhsm-service:2696:MainThread @i18n.py:169 - Could not import locale for C.UTF-8: [Errno 2] No translation file found for domain: 'rhsm'
2026-04-08 22:38:43,587 [INFO] rhsm-service:2696:MainThread @i18n.py:139 - Could not import locale either for C.UTF-8_C.UTF-8: [Errno 2] No translation file found for domain: 'rhsm'
2026-04-08 22:38:45,373 [INFO] rhsm-service:2696:MainThread @i18n.py:169 - Could not import locale for C.UTF-8: [Errno 2] No translation file found for domain: 'rhsm'
2026-04-08 22:38:45,374 [INFO] rhsm-service:2696:MainThread @i18n.py:139 - Could not import locale either for C.UTF-8_C.UTF-8: [Errno 2] No translation file found for domain: 'rhsm'
2026-04-08 22:38:45,375 [INFO] rhsm-service:2696:MainThread @i18n.py:169 - Could not import locale for C.UTF-8: [Errno 2] No translation file found for domain: 'rhsm'
2026-04-08 22:38:45,375 [INFO] rhsm-service:2696:MainThread @i18n.py:139 - Could not import locale either for C.UTF-8_C.UTF-8: [Errno 2] No translation file found for domain: 'rhsm'
2026-04-08 22:38:46,391 [INFO] rhsm-service:2696:MainThread @i18n.py:169 - Could not import locale for C.UTF-8: [Errno 2] No translation file found for domain: 'rhsm'
2026-04-08 22:38:46,391 [INFO] rhsm-service:2696:MainThread @i18n.py:139 - Could not import locale either for C.UTF-8_C.UTF-8: [Errno 2] No translation file found for domain: 'rhsm'
2026-04-08 22:42:42,928 [INFO] rhsmcertd-worker:2947:MainThread @entcertlib.py:108 - certs updated:
Total updates: 0
Found (local) serial# [3514878027169657782]
Expected (UEP) serial# [3514878027169657782]
Added (new)
  <NONE>
Deleted (rogue):
  <NONE>
2026-04-08 22:42:45,897 [INFO] rhsmcertd-worker:2947:MainThread @factlib.py:105 - Facts have been updated.
2026-04-08 22:42:53,830 [INFO] rhsm-service:2696:MainThread @i18n.py:169 - Could not import locale for C.UTF-8: [Errno 2] No translation file found for domain: 'rhsm'
2026-04-08 22:42:53,830 [INFO] rhsm-service:2696:MainThread @i18n.py:139 - Could not import locale either for C.UTF-8_C.UTF-8: [Errno 2] No translation file found for domain: 'rhsm'
2026-04-08 22:42:53,832 [INFO] rhsm-service:2696:MainThread @i18n.py:169 - Could not import locale for C.UTF-8: [Errno 2] No translation file found for domain: 'rhsm'
2026-04-08 22:42:53,832 [INFO] rhsm-service:2696:MainThread @i18n.py:139 - Could not import locale either for C.UTF-8_C.UTF-8: [Errno 2] No translation file found for domain: 'rhsm'
2026-04-08 22:42:55,554 [INFO] rhsm-service:2696:MainThread @i18n.py:169 - Could not import locale for C.UTF-8: [Errno 2] No translation file found for domain: 'rhsm'
2026-04-08 22:42:55,554 [INFO] rhsm-service:2696:MainThread @i18n.py:139 - Could not import locale either for C.UTF-8_C.UTF-8: [Errno 2] No translation file found for domain: 'rhsm'
2026-04-08 22:42:55,555 [INFO] rhsm-service:2696:MainThread @i18n.py:169 - Could not import locale for C.UTF-8: [Errno 2] No translation file found for domain: 'rhsm'
2026-04-08 22:42:55,555 [INFO] rhsm-service:2696:MainThread @i18n.py:139 - Could not import locale either for C.UTF-8_C.UTF-8: [Errno 2] No translation file found for domain: 'rhsm'
